{"c:\\Users\\dahhs\\Documents\\dwik\\repos\\artoo\\lib\\index.js":{"path":"c:\\Users\\dahhs\\Documents\\dwik\\repos\\artoo\\lib\\index.js","statementMap":{"0":{"start":{"line":3,"column":4},"end":{"line":3,"column":71}},"1":{"start":{"line":3,"column":21},"end":{"line":3,"column":71}},"2":{"start":{"line":3,"column":53},"end":{"line":3,"column":71}},"3":{"start":{"line":5,"column":0},"end":{"line":5,"column":62}},"4":{"start":{"line":6,"column":0},"end":{"line":6,"column":30}},"5":{"start":{"line":7,"column":0},"end":{"line":7,"column":31}},"6":{"start":{"line":8,"column":0},"end":{"line":8,"column":32}}},"fnMap":{"0":{"name":"__export","decl":{"start":{"line":2,"column":9},"end":{"line":2,"column":17}},"loc":{"start":{"line":2,"column":21},"end":{"line":4,"column":1}},"line":2}},"branchMap":{"0":{"loc":{"start":{"line":3,"column":21},"end":{"line":3,"column":71}},"type":"if","locations":[{"start":{"line":3,"column":21},"end":{"line":3,"column":71}},{"start":{"line":3,"column":21},"end":{"line":3,"column":71}}],"line":3}},"s":{"0":0,"1":0,"2":0,"3":0,"4":0,"5":0,"6":0},"f":{"0":0},"b":{"0":[0,0]}},"c:\\Users\\dahhs\\Documents\\dwik\\repos\\artoo\\lib\\models\\claim.model.js":{"path":"c:\\Users\\dahhs\\Documents\\dwik\\repos\\artoo\\lib\\models\\claim.model.js","statementMap":{"0":{"start":{"line":2,"column":16},"end":{"line":14,"column":4}},"1":{"start":{"line":3,"column":24},"end":{"line":8,"column":5}},"2":{"start":{"line":4,"column":8},"end":{"line":6,"column":87}},"3":{"start":{"line":5,"column":69},"end":{"line":5,"column":85}},"4":{"start":{"line":6,"column":30},"end":{"line":6,"column":84}},"5":{"start":{"line":6,"column":47},"end":{"line":6,"column":84}},"6":{"start":{"line":6,"column":72},"end":{"line":6,"column":84}},"7":{"start":{"line":7,"column":8},"end":{"line":7,"column":35}},"8":{"start":{"line":9,"column":4},"end":{"line":13,"column":6}},"9":{"start":{"line":10,"column":8},"end":{"line":10,"column":28}},"10":{"start":{"line":11,"column":24},"end":{"line":11,"column":45}},"11":{"start":{"line":12,"column":8},"end":{"line":12,"column":93}},"12":{"start":{"line":15,"column":0},"end":{"line":15,"column":62}},"13":{"start":{"line":16,"column":12},"end":{"line":16,"column":37}},"14":{"start":{"line":17,"column":20},"end":{"line":17,"column":44}},"15":{"start":{"line":18,"column":19},"end":{"line":18,"column":42}},"16":{"start":{"line":19,"column":18},"end":{"line":30,"column":20}},"17":{"start":{"line":20,"column":4},"end":{"line":20,"column":34}},"18":{"start":{"line":22,"column":8},"end":{"line":22,"column":72}},"19":{"start":{"line":24,"column":4},"end":{"line":24,"column":142}},"20":{"start":{"line":24,"column":47},"end":{"line":24,"column":139}},"21":{"start":{"line":25,"column":4},"end":{"line":25,"column":147}},"22":{"start":{"line":25,"column":48},"end":{"line":25,"column":144}},"23":{"start":{"line":26,"column":4},"end":{"line":26,"column":32}},"24":{"start":{"line":27,"column":4},"end":{"line":27,"column":33}},"25":{"start":{"line":28,"column":4},"end":{"line":28,"column":35}},"26":{"start":{"line":29,"column":4},"end":{"line":29,"column":22}},"27":{"start":{"line":31,"column":0},"end":{"line":31,"column":32}}},"fnMap":{"0":{"name":"(anonymous_0)","decl":{"start":{"line":2,"column":45},"end":{"line":2,"column":46}},"loc":{"start":{"line":2,"column":57},"end":{"line":14,"column":1}},"line":2},"1":{"name":"(anonymous_1)","decl":{"start":{"line":3,"column":24},"end":{"line":3,"column":25}},"loc":{"start":{"line":3,"column":40},"end":{"line":8,"column":5}},"line":3},"2":{"name":"(anonymous_2)","decl":{"start":{"line":5,"column":51},"end":{"line":5,"column":52}},"loc":{"start":{"line":5,"column":67},"end":{"line":5,"column":87}},"line":5},"3":{"name":"(anonymous_3)","decl":{"start":{"line":6,"column":12},"end":{"line":6,"column":13}},"loc":{"start":{"line":6,"column":28},"end":{"line":6,"column":86}},"line":6},"4":{"name":"(anonymous_4)","decl":{"start":{"line":9,"column":11},"end":{"line":9,"column":12}},"loc":{"start":{"line":9,"column":27},"end":{"line":13,"column":5}},"line":9},"5":{"name":"__","decl":{"start":{"line":11,"column":17},"end":{"line":11,"column":19}},"loc":{"start":{"line":11,"column":22},"end":{"line":11,"column":47}},"line":11},"6":{"name":"(anonymous_6)","decl":{"start":{"line":19,"column":18},"end":{"line":19,"column":19}},"loc":{"start":{"line":19,"column":36},"end":{"line":30,"column":1}},"line":19},"7":{"name":"ClaimModel","decl":{"start":{"line":21,"column":13},"end":{"line":21,"column":23}},"loc":{"start":{"line":21,"column":26},"end":{"line":23,"column":5}},"line":21},"8":{"name":"(anonymous_8)","decl":{"start":{"line":24,"column":33},"end":{"line":24,"column":34}},"loc":{"start":{"line":24,"column":45},"end":{"line":24,"column":141}},"line":24},"9":{"name":"(anonymous_9)","decl":{"start":{"line":25,"column":34},"end":{"line":25,"column":35}},"loc":{"start":{"line":25,"column":46},"end":{"line":25,"column":146}},"line":25}},"branchMap":{"0":{"loc":{"start":{"line":2,"column":16},"end":{"line":14,"column":4}},"type":"binary-expr","locations":[{"start":{"line":2,"column":17},"end":{"line":2,"column":21}},{"start":{"line":2,"column":25},"end":{"line":2,"column":39}},{"start":{"line":2,"column":44},"end":{"line":14,"column":4}}],"line":2},"1":{"loc":{"start":{"line":4,"column":24},"end":{"line":6,"column":86}},"type":"binary-expr","locations":[{"start":{"line":4,"column":24},"end":{"line":4,"column":45}},{"start":{"line":5,"column":13},"end":{"line":5,"column":47}},{"start":{"line":5,"column":51},"end":{"line":5,"column":87}},{"start":{"line":6,"column":12},"end":{"line":6,"column":86}}],"line":4},"2":{"loc":{"start":{"line":6,"column":47},"end":{"line":6,"column":84}},"type":"if","locations":[{"start":{"line":6,"column":47},"end":{"line":6,"column":84}},{"start":{"line":6,"column":47},"end":{"line":6,"column":84}}],"line":6},"3":{"loc":{"start":{"line":12,"column":22},"end":{"line":12,"column":92}},"type":"cond-expr","locations":[{"start":{"line":12,"column":35},"end":{"line":12,"column":51}},{"start":{"line":12,"column":55},"end":{"line":12,"column":91}}],"line":12},"4":{"loc":{"start":{"line":22,"column":15},"end":{"line":22,"column":71}},"type":"binary-expr","locations":[{"start":{"line":22,"column":15},"end":{"line":22,"column":30}},{"start":{"line":22,"column":34},"end":{"line":22,"column":63}},{"start":{"line":22,"column":67},"end":{"line":22,"column":71}}],"line":22}},"s":{"0":0,"1":0,"2":0,"3":0,"4":0,"5":0,"6":0,"7":0,"8":0,"9":0,"10":0,"11":0,"12":0,"13":0,"14":0,"15":0,"16":0,"17":0,"18":0,"19":0,"20":0,"21":0,"22":0,"23":0,"24":0,"25":0,"26":0,"27":0},"f":{"0":0,"1":0,"2":0,"3":0,"4":0,"5":0,"6":0,"7":0,"8":0,"9":0},"b":{"0":[0,0,0],"1":[0,0,0,0],"2":[0,0],"3":[0,0],"4":[0,0,0]}},"c:\\Users\\dahhs\\Documents\\dwik\\repos\\artoo\\lib\\models\\group.model.js":{"path":"c:\\Users\\dahhs\\Documents\\dwik\\repos\\artoo\\lib\\models\\group.model.js","statementMap":{"0":{"start":{"line":2,"column":16},"end":{"line":14,"column":4}},"1":{"start":{"line":3,"column":24},"end":{"line":8,"column":5}},"2":{"start":{"line":4,"column":8},"end":{"line":6,"column":87}},"3":{"start":{"line":5,"column":69},"end":{"line":5,"column":85}},"4":{"start":{"line":6,"column":30},"end":{"line":6,"column":84}},"5":{"start":{"line":6,"column":47},"end":{"line":6,"column":84}},"6":{"start":{"line":6,"column":72},"end":{"line":6,"column":84}},"7":{"start":{"line":7,"column":8},"end":{"line":7,"column":35}},"8":{"start":{"line":9,"column":4},"end":{"line":13,"column":6}},"9":{"start":{"line":10,"column":8},"end":{"line":10,"column":28}},"10":{"start":{"line":11,"column":24},"end":{"line":11,"column":45}},"11":{"start":{"line":12,"column":8},"end":{"line":12,"column":93}},"12":{"start":{"line":15,"column":0},"end":{"line":15,"column":62}},"13":{"start":{"line":16,"column":12},"end":{"line":16,"column":37}},"14":{"start":{"line":17,"column":20},"end":{"line":17,"column":44}},"15":{"start":{"line":18,"column":19},"end":{"line":18,"column":42}},"16":{"start":{"line":19,"column":18},"end":{"line":30,"column":20}},"17":{"start":{"line":20,"column":4},"end":{"line":20,"column":34}},"18":{"start":{"line":22,"column":8},"end":{"line":22,"column":72}},"19":{"start":{"line":24,"column":4},"end":{"line":24,"column":142}},"20":{"start":{"line":24,"column":47},"end":{"line":24,"column":139}},"21":{"start":{"line":25,"column":4},"end":{"line":25,"column":146}},"22":{"start":{"line":25,"column":48},"end":{"line":25,"column":143}},"23":{"start":{"line":26,"column":4},"end":{"line":26,"column":32}},"24":{"start":{"line":27,"column":4},"end":{"line":27,"column":39}},"25":{"start":{"line":28,"column":4},"end":{"line":28,"column":35}},"26":{"start":{"line":29,"column":4},"end":{"line":29,"column":22}},"27":{"start":{"line":31,"column":0},"end":{"line":31,"column":32}}},"fnMap":{"0":{"name":"(anonymous_0)","decl":{"start":{"line":2,"column":45},"end":{"line":2,"column":46}},"loc":{"start":{"line":2,"column":57},"end":{"line":14,"column":1}},"line":2},"1":{"name":"(anonymous_1)","decl":{"start":{"line":3,"column":24},"end":{"line":3,"column":25}},"loc":{"start":{"line":3,"column":40},"end":{"line":8,"column":5}},"line":3},"2":{"name":"(anonymous_2)","decl":{"start":{"line":5,"column":51},"end":{"line":5,"column":52}},"loc":{"start":{"line":5,"column":67},"end":{"line":5,"column":87}},"line":5},"3":{"name":"(anonymous_3)","decl":{"start":{"line":6,"column":12},"end":{"line":6,"column":13}},"loc":{"start":{"line":6,"column":28},"end":{"line":6,"column":86}},"line":6},"4":{"name":"(anonymous_4)","decl":{"start":{"line":9,"column":11},"end":{"line":9,"column":12}},"loc":{"start":{"line":9,"column":27},"end":{"line":13,"column":5}},"line":9},"5":{"name":"__","decl":{"start":{"line":11,"column":17},"end":{"line":11,"column":19}},"loc":{"start":{"line":11,"column":22},"end":{"line":11,"column":47}},"line":11},"6":{"name":"(anonymous_6)","decl":{"start":{"line":19,"column":18},"end":{"line":19,"column":19}},"loc":{"start":{"line":19,"column":36},"end":{"line":30,"column":1}},"line":19},"7":{"name":"GroupModel","decl":{"start":{"line":21,"column":13},"end":{"line":21,"column":23}},"loc":{"start":{"line":21,"column":26},"end":{"line":23,"column":5}},"line":21},"8":{"name":"(anonymous_8)","decl":{"start":{"line":24,"column":33},"end":{"line":24,"column":34}},"loc":{"start":{"line":24,"column":45},"end":{"line":24,"column":141}},"line":24},"9":{"name":"(anonymous_9)","decl":{"start":{"line":25,"column":34},"end":{"line":25,"column":35}},"loc":{"start":{"line":25,"column":46},"end":{"line":25,"column":145}},"line":25}},"branchMap":{"0":{"loc":{"start":{"line":2,"column":16},"end":{"line":14,"column":4}},"type":"binary-expr","locations":[{"start":{"line":2,"column":17},"end":{"line":2,"column":21}},{"start":{"line":2,"column":25},"end":{"line":2,"column":39}},{"start":{"line":2,"column":44},"end":{"line":14,"column":4}}],"line":2},"1":{"loc":{"start":{"line":4,"column":24},"end":{"line":6,"column":86}},"type":"binary-expr","locations":[{"start":{"line":4,"column":24},"end":{"line":4,"column":45}},{"start":{"line":5,"column":13},"end":{"line":5,"column":47}},{"start":{"line":5,"column":51},"end":{"line":5,"column":87}},{"start":{"line":6,"column":12},"end":{"line":6,"column":86}}],"line":4},"2":{"loc":{"start":{"line":6,"column":47},"end":{"line":6,"column":84}},"type":"if","locations":[{"start":{"line":6,"column":47},"end":{"line":6,"column":84}},{"start":{"line":6,"column":47},"end":{"line":6,"column":84}}],"line":6},"3":{"loc":{"start":{"line":12,"column":22},"end":{"line":12,"column":92}},"type":"cond-expr","locations":[{"start":{"line":12,"column":35},"end":{"line":12,"column":51}},{"start":{"line":12,"column":55},"end":{"line":12,"column":91}}],"line":12},"4":{"loc":{"start":{"line":22,"column":15},"end":{"line":22,"column":71}},"type":"binary-expr","locations":[{"start":{"line":22,"column":15},"end":{"line":22,"column":30}},{"start":{"line":22,"column":34},"end":{"line":22,"column":63}},{"start":{"line":22,"column":67},"end":{"line":22,"column":71}}],"line":22}},"s":{"0":0,"1":0,"2":0,"3":0,"4":0,"5":0,"6":0,"7":0,"8":0,"9":0,"10":0,"11":0,"12":0,"13":0,"14":0,"15":0,"16":0,"17":0,"18":0,"19":0,"20":0,"21":0,"22":0,"23":0,"24":0,"25":0,"26":0,"27":0},"f":{"0":0,"1":0,"2":0,"3":0,"4":0,"5":0,"6":0,"7":0,"8":0,"9":0},"b":{"0":[0,0,0],"1":[0,0,0,0],"2":[0,0],"3":[0,0],"4":[0,0,0]}},"c:\\Users\\dahhs\\Documents\\dwik\\repos\\artoo\\lib\\models\\index.js":{"path":"c:\\Users\\dahhs\\Documents\\dwik\\repos\\artoo\\lib\\models\\index.js","statementMap":{"0":{"start":{"line":3,"column":4},"end":{"line":3,"column":71}},"1":{"start":{"line":3,"column":21},"end":{"line":3,"column":71}},"2":{"start":{"line":3,"column":53},"end":{"line":3,"column":71}},"3":{"start":{"line":5,"column":0},"end":{"line":5,"column":62}},"4":{"start":{"line":6,"column":0},"end":{"line":6,"column":35}},"5":{"start":{"line":7,"column":0},"end":{"line":7,"column":34}},"6":{"start":{"line":8,"column":0},"end":{"line":8,"column":35}}},"fnMap":{"0":{"name":"__export","decl":{"start":{"line":2,"column":9},"end":{"line":2,"column":17}},"loc":{"start":{"line":2,"column":21},"end":{"line":4,"column":1}},"line":2}},"branchMap":{"0":{"loc":{"start":{"line":3,"column":21},"end":{"line":3,"column":71}},"type":"if","locations":[{"start":{"line":3,"column":21},"end":{"line":3,"column":71}},{"start":{"line":3,"column":21},"end":{"line":3,"column":71}}],"line":3}},"s":{"0":0,"1":0,"2":0,"3":0,"4":0,"5":0,"6":0},"f":{"0":0},"b":{"0":[0,0]}},"c:\\Users\\dahhs\\Documents\\dwik\\repos\\artoo\\lib\\models\\user.model.js":{"path":"c:\\Users\\dahhs\\Documents\\dwik\\repos\\artoo\\lib\\models\\user.model.js","statementMap":{"0":{"start":{"line":2,"column":16},"end":{"line":14,"column":4}},"1":{"start":{"line":3,"column":24},"end":{"line":8,"column":5}},"2":{"start":{"line":4,"column":8},"end":{"line":6,"column":87}},"3":{"start":{"line":5,"column":69},"end":{"line":5,"column":85}},"4":{"start":{"line":6,"column":30},"end":{"line":6,"column":84}},"5":{"start":{"line":6,"column":47},"end":{"line":6,"column":84}},"6":{"start":{"line":6,"column":72},"end":{"line":6,"column":84}},"7":{"start":{"line":7,"column":8},"end":{"line":7,"column":35}},"8":{"start":{"line":9,"column":4},"end":{"line":13,"column":6}},"9":{"start":{"line":10,"column":8},"end":{"line":10,"column":28}},"10":{"start":{"line":11,"column":24},"end":{"line":11,"column":45}},"11":{"start":{"line":12,"column":8},"end":{"line":12,"column":93}},"12":{"start":{"line":15,"column":0},"end":{"line":15,"column":62}},"13":{"start":{"line":16,"column":16},"end":{"line":16,"column":37}},"14":{"start":{"line":17,"column":12},"end":{"line":17,"column":37}},"15":{"start":{"line":18,"column":17},"end":{"line":18,"column":39}},"16":{"start":{"line":19,"column":20},"end":{"line":19,"column":44}},"17":{"start":{"line":20,"column":20},"end":{"line":20,"column":44}},"18":{"start":{"line":21,"column":17},"end":{"line":47,"column":20}},"19":{"start":{"line":22,"column":4},"end":{"line":22,"column":33}},"20":{"start":{"line":24,"column":8},"end":{"line":24,"column":72}},"21":{"start":{"line":26,"column":4},"end":{"line":31,"column":6}},"22":{"start":{"line":27,"column":8},"end":{"line":29,"column":9}},"23":{"start":{"line":28,"column":12},"end":{"line":28,"column":135}},"24":{"start":{"line":30,"column":8},"end":{"line":30,"column":46}},"25":{"start":{"line":32,"column":4},"end":{"line":39,"column":6}},"26":{"start":{"line":33,"column":20},"end":{"line":33,"column":24}},"27":{"start":{"line":34,"column":8},"end":{"line":38,"column":11}},"28":{"start":{"line":35,"column":12},"end":{"line":37,"column":67}},"29":{"start":{"line":36,"column":40},"end":{"line":36,"column":61}},"30":{"start":{"line":37,"column":42},"end":{"line":37,"column":63}},"31":{"start":{"line":40,"column":4},"end":{"line":40,"column":144}},"32":{"start":{"line":40,"column":47},"end":{"line":40,"column":141}},"33":{"start":{"line":41,"column":4},"end":{"line":41,"column":144}},"34":{"start":{"line":41,"column":47},"end":{"line":41,"column":141}},"35":{"start":{"line":42,"column":4},"end":{"line":42,"column":30}},"36":{"start":{"line":43,"column":4},"end":{"line":43,"column":51}},"37":{"start":{"line":44,"column":4},"end":{"line":44,"column":47}},"38":{"start":{"line":45,"column":4},"end":{"line":45,"column":36}},"39":{"start":{"line":46,"column":4},"end":{"line":46,"column":21}},"40":{"start":{"line":48,"column":0},"end":{"line":48,"column":30}}},"fnMap":{"0":{"name":"(anonymous_0)","decl":{"start":{"line":2,"column":45},"end":{"line":2,"column":46}},"loc":{"start":{"line":2,"column":57},"end":{"line":14,"column":1}},"line":2},"1":{"name":"(anonymous_1)","decl":{"start":{"line":3,"column":24},"end":{"line":3,"column":25}},"loc":{"start":{"line":3,"column":40},"end":{"line":8,"column":5}},"line":3},"2":{"name":"(anonymous_2)","decl":{"start":{"line":5,"column":51},"end":{"line":5,"column":52}},"loc":{"start":{"line":5,"column":67},"end":{"line":5,"column":87}},"line":5},"3":{"name":"(anonymous_3)","decl":{"start":{"line":6,"column":12},"end":{"line":6,"column":13}},"loc":{"start":{"line":6,"column":28},"end":{"line":6,"column":86}},"line":6},"4":{"name":"(anonymous_4)","decl":{"start":{"line":9,"column":11},"end":{"line":9,"column":12}},"loc":{"start":{"line":9,"column":27},"end":{"line":13,"column":5}},"line":9},"5":{"name":"__","decl":{"start":{"line":11,"column":17},"end":{"line":11,"column":19}},"loc":{"start":{"line":11,"column":22},"end":{"line":11,"column":47}},"line":11},"6":{"name":"(anonymous_6)","decl":{"start":{"line":21,"column":17},"end":{"line":21,"column":18}},"loc":{"start":{"line":21,"column":35},"end":{"line":47,"column":1}},"line":21},"7":{"name":"UserModel","decl":{"start":{"line":23,"column":13},"end":{"line":23,"column":22}},"loc":{"start":{"line":23,"column":25},"end":{"line":25,"column":5}},"line":23},"8":{"name":"(anonymous_8)","decl":{"start":{"line":26,"column":23},"end":{"line":26,"column":24}},"loc":{"start":{"line":26,"column":39},"end":{"line":31,"column":5}},"line":26},"9":{"name":"(anonymous_9)","decl":{"start":{"line":32,"column":27},"end":{"line":32,"column":28}},"loc":{"start":{"line":32,"column":44},"end":{"line":39,"column":5}},"line":32},"10":{"name":"(anonymous_10)","decl":{"start":{"line":34,"column":27},"end":{"line":34,"column":28}},"loc":{"start":{"line":34,"column":54},"end":{"line":38,"column":9}},"line":34},"11":{"name":"(anonymous_11)","decl":{"start":{"line":36,"column":22},"end":{"line":36,"column":23}},"loc":{"start":{"line":36,"column":38},"end":{"line":36,"column":63}},"line":36},"12":{"name":"(anonymous_12)","decl":{"start":{"line":37,"column":23},"end":{"line":37,"column":24}},"loc":{"start":{"line":37,"column":40},"end":{"line":37,"column":65}},"line":37},"13":{"name":"(anonymous_13)","decl":{"start":{"line":40,"column":33},"end":{"line":40,"column":34}},"loc":{"start":{"line":40,"column":45},"end":{"line":40,"column":143}},"line":40},"14":{"name":"(anonymous_14)","decl":{"start":{"line":41,"column":33},"end":{"line":41,"column":34}},"loc":{"start":{"line":41,"column":45},"end":{"line":41,"column":143}},"line":41}},"branchMap":{"0":{"loc":{"start":{"line":2,"column":16},"end":{"line":14,"column":4}},"type":"binary-expr","locations":[{"start":{"line":2,"column":17},"end":{"line":2,"column":21}},{"start":{"line":2,"column":25},"end":{"line":2,"column":39}},{"start":{"line":2,"column":44},"end":{"line":14,"column":4}}],"line":2},"1":{"loc":{"start":{"line":4,"column":24},"end":{"line":6,"column":86}},"type":"binary-expr","locations":[{"start":{"line":4,"column":24},"end":{"line":4,"column":45}},{"start":{"line":5,"column":13},"end":{"line":5,"column":47}},{"start":{"line":5,"column":51},"end":{"line":5,"column":87}},{"start":{"line":6,"column":12},"end":{"line":6,"column":86}}],"line":4},"2":{"loc":{"start":{"line":6,"column":47},"end":{"line":6,"column":84}},"type":"if","locations":[{"start":{"line":6,"column":47},"end":{"line":6,"column":84}},{"start":{"line":6,"column":47},"end":{"line":6,"column":84}}],"line":6},"3":{"loc":{"start":{"line":12,"column":22},"end":{"line":12,"column":92}},"type":"cond-expr","locations":[{"start":{"line":12,"column":35},"end":{"line":12,"column":51}},{"start":{"line":12,"column":55},"end":{"line":12,"column":91}}],"line":12},"4":{"loc":{"start":{"line":24,"column":15},"end":{"line":24,"column":71}},"type":"binary-expr","locations":[{"start":{"line":24,"column":15},"end":{"line":24,"column":30}},{"start":{"line":24,"column":34},"end":{"line":24,"column":63}},{"start":{"line":24,"column":67},"end":{"line":24,"column":71}}],"line":24},"5":{"loc":{"start":{"line":27,"column":8},"end":{"line":29,"column":9}},"type":"if","locations":[{"start":{"line":27,"column":8},"end":{"line":29,"column":9}},{"start":{"line":27,"column":8},"end":{"line":29,"column":9}}],"line":27}},"s":{"0":0,"1":0,"2":0,"3":0,"4":0,"5":0,"6":0,"7":0,"8":0,"9":0,"10":0,"11":0,"12":0,"13":0,"14":0,"15":0,"16":0,"17":0,"18":0,"19":0,"20":0,"21":0,"22":0,"23":0,"24":0,"25":0,"26":0,"27":0,"28":0,"29":0,"30":0,"31":0,"32":0,"33":0,"34":0,"35":0,"36":0,"37":0,"38":0,"39":0,"40":0},"f":{"0":0,"1":0,"2":0,"3":0,"4":0,"5":0,"6":0,"7":0,"8":0,"9":0,"10":0,"11":0,"12":0,"13":0,"14":0},"b":{"0":[0,0,0],"1":[0,0,0,0],"2":[0,0],"3":[0,0],"4":[0,0,0],"5":[0,0]}},"c:\\Users\\dahhs\\Documents\\dwik\\repos\\artoo\\lib\\modules\\artoo.module.js":{"path":"c:\\Users\\dahhs\\Documents\\dwik\\repos\\artoo\\lib\\modules\\artoo.module.js","statementMap":{"0":{"start":{"line":2,"column":0},"end":{"line":2,"column":62}},"1":{"start":{"line":3,"column":12},"end":{"line":3,"column":28}},"2":{"start":{"line":4,"column":20},"end":{"line":4,"column":52}},"3":{"start":{"line":5,"column":19},"end":{"line":5,"column":50}},"4":{"start":{"line":6,"column":23},"end":{"line":6,"column":50}},"5":{"start":{"line":7,"column":11},"end":{"line":7,"column":21}},"6":{"start":{"line":8,"column":15},"end":{"line":8,"column":79}},"7":{"start":{"line":8,"column":47},"end":{"line":8,"column":76}},"8":{"start":{"line":9,"column":0},"end":{"line":46,"column":1}},"9":{"start":{"line":10,"column":4},"end":{"line":10,"column":45}},"10":{"start":{"line":12,"column":5},"end":{"line":46,"column":1}},"11":{"start":{"line":13,"column":4},"end":{"line":13,"column":46}},"12":{"start":{"line":15,"column":5},"end":{"line":46,"column":1}},"13":{"start":{"line":16,"column":4},"end":{"line":21,"column":5}},"14":{"start":{"line":17,"column":8},"end":{"line":17,"column":55}},"15":{"start":{"line":20,"column":8},"end":{"line":20,"column":58}},"16":{"start":{"line":23,"column":5},"end":{"line":46,"column":1}},"17":{"start":{"line":24,"column":4},"end":{"line":45,"column":5}},"18":{"start":{"line":25,"column":8},"end":{"line":25,"column":78}},"19":{"start":{"line":28,"column":27},"end":{"line":34,"column":9}},"20":{"start":{"line":29,"column":12},"end":{"line":33,"column":70}},"21":{"start":{"line":30,"column":16},"end":{"line":32,"column":19}},"22":{"start":{"line":31,"column":20},"end":{"line":31,"column":48}},"23":{"start":{"line":33,"column":40},"end":{"line":33,"column":66}},"24":{"start":{"line":35,"column":8},"end":{"line":44,"column":11}},"25":{"start":{"line":36,"column":12},"end":{"line":43,"column":13}},"26":{"start":{"line":37,"column":16},"end":{"line":37,"column":44}},"27":{"start":{"line":40,"column":16},"end":{"line":42,"column":19}},"28":{"start":{"line":41,"column":20},"end":{"line":41,"column":48}}},"fnMap":{"0":{"name":"(anonymous_0)","decl":{"start":{"line":8,"column":26},"end":{"line":8,"column":27}},"loc":{"start":{"line":8,"column":45},"end":{"line":8,"column":78}},"line":8},"1":{"name":"(anonymous_1)","decl":{"start":{"line":28,"column":27},"end":{"line":28,"column":28}},"loc":{"start":{"line":28,"column":46},"end":{"line":34,"column":9}},"line":28},"2":{"name":"(anonymous_2)","decl":{"start":{"line":29,"column":95},"end":{"line":29,"column":96}},"loc":{"start":{"line":29,"column":111},"end":{"line":33,"column":13}},"line":29},"3":{"name":"(anonymous_3)","decl":{"start":{"line":30,"column":51},"end":{"line":30,"column":52}},"loc":{"start":{"line":30,"column":63},"end":{"line":32,"column":17}},"line":30},"4":{"name":"(anonymous_4)","decl":{"start":{"line":33,"column":21},"end":{"line":33,"column":22}},"loc":{"start":{"line":33,"column":38},"end":{"line":33,"column":68}},"line":33},"5":{"name":"(anonymous_5)","decl":{"start":{"line":35,"column":72},"end":{"line":35,"column":73}},"loc":{"start":{"line":35,"column":94},"end":{"line":44,"column":9}},"line":35},"6":{"name":"(anonymous_6)","decl":{"start":{"line":40,"column":75},"end":{"line":40,"column":76}},"loc":{"start":{"line":40,"column":97},"end":{"line":42,"column":17}},"line":40}},"branchMap":{"0":{"loc":{"start":{"line":9,"column":0},"end":{"line":46,"column":1}},"type":"if","locations":[{"start":{"line":9,"column":0},"end":{"line":46,"column":1}},{"start":{"line":9,"column":0},"end":{"line":46,"column":1}}],"line":9},"1":{"loc":{"start":{"line":12,"column":5},"end":{"line":46,"column":1}},"type":"if","locations":[{"start":{"line":12,"column":5},"end":{"line":46,"column":1}},{"start":{"line":12,"column":5},"end":{"line":46,"column":1}}],"line":12},"2":{"loc":{"start":{"line":15,"column":5},"end":{"line":46,"column":1}},"type":"if","locations":[{"start":{"line":15,"column":5},"end":{"line":46,"column":1}},{"start":{"line":15,"column":5},"end":{"line":46,"column":1}}],"line":15},"3":{"loc":{"start":{"line":16,"column":4},"end":{"line":21,"column":5}},"type":"if","locations":[{"start":{"line":16,"column":4},"end":{"line":21,"column":5}},{"start":{"line":16,"column":4},"end":{"line":21,"column":5}}],"line":16},"4":{"loc":{"start":{"line":23,"column":5},"end":{"line":46,"column":1}},"type":"if","locations":[{"start":{"line":23,"column":5},"end":{"line":46,"column":1}},{"start":{"line":23,"column":5},"end":{"line":46,"column":1}}],"line":23},"5":{"loc":{"start":{"line":24,"column":4},"end":{"line":45,"column":5}},"type":"if","locations":[{"start":{"line":24,"column":4},"end":{"line":45,"column":5}},{"start":{"line":24,"column":4},"end":{"line":45,"column":5}}],"line":24},"6":{"loc":{"start":{"line":24,"column":8},"end":{"line":24,"column":52}},"type":"binary-expr","locations":[{"start":{"line":24,"column":8},"end":{"line":24,"column":19}},{"start":{"line":24,"column":23},"end":{"line":24,"column":37}},{"start":{"line":24,"column":41},"end":{"line":24,"column":52}}],"line":24},"7":{"loc":{"start":{"line":36,"column":12},"end":{"line":43,"column":13}},"type":"if","locations":[{"start":{"line":36,"column":12},"end":{"line":43,"column":13}},{"start":{"line":36,"column":12},"end":{"line":43,"column":13}}],"line":36}},"s":{"0":0,"1":0,"2":0,"3":0,"4":0,"5":0,"6":0,"7":0,"8":0,"9":0,"10":0,"11":0,"12":0,"13":0,"14":0,"15":0,"16":0,"17":0,"18":0,"19":0,"20":0,"21":0,"22":0,"23":0,"24":0,"25":0,"26":0,"27":0,"28":0},"f":{"0":0,"1":0,"2":0,"3":0,"4":0,"5":0,"6":0},"b":{"0":[0,0],"1":[0,0],"2":[0,0],"3":[0,0],"4":[0,0],"5":[0,0],"6":[0,0,0],"7":[0,0]}},"c:\\Users\\dahhs\\Documents\\dwik\\repos\\artoo\\lib\\modules\\config.module.js":{"path":"c:\\Users\\dahhs\\Documents\\dwik\\repos\\artoo\\lib\\modules\\config.module.js","statementMap":{"0":{"start":{"line":2,"column":16},"end":{"line":14,"column":4}},"1":{"start":{"line":3,"column":24},"end":{"line":8,"column":5}},"2":{"start":{"line":4,"column":8},"end":{"line":6,"column":87}},"3":{"start":{"line":5,"column":69},"end":{"line":5,"column":85}},"4":{"start":{"line":6,"column":30},"end":{"line":6,"column":84}},"5":{"start":{"line":6,"column":47},"end":{"line":6,"column":84}},"6":{"start":{"line":6,"column":72},"end":{"line":6,"column":84}},"7":{"start":{"line":7,"column":8},"end":{"line":7,"column":35}},"8":{"start":{"line":9,"column":4},"end":{"line":13,"column":6}},"9":{"start":{"line":10,"column":8},"end":{"line":10,"column":28}},"10":{"start":{"line":11,"column":24},"end":{"line":11,"column":45}},"11":{"start":{"line":12,"column":8},"end":{"line":12,"column":93}},"12":{"start":{"line":15,"column":0},"end":{"line":15,"column":62}},"13":{"start":{"line":16,"column":13},"end":{"line":16,"column":30}},"14":{"start":{"line":17,"column":9},"end":{"line":17,"column":22}},"15":{"start":{"line":18,"column":11},"end":{"line":18,"column":26}},"16":{"start":{"line":19,"column":10},"end":{"line":19,"column":24}},"17":{"start":{"line":20,"column":20},"end":{"line":39,"column":22}},"18":{"start":{"line":21,"column":4},"end":{"line":21,"column":36}},"19":{"start":{"line":23,"column":20},"end":{"line":23,"column":45}},"20":{"start":{"line":24,"column":8},"end":{"line":24,"column":24}},"21":{"start":{"line":25,"column":25},"end":{"line":25,"column":69}},"22":{"start":{"line":26,"column":8},"end":{"line":28,"column":9}},"23":{"start":{"line":27,"column":12},"end":{"line":27,"column":67}},"24":{"start":{"line":29,"column":8},"end":{"line":29,"column":21}},"25":{"start":{"line":31,"column":4},"end":{"line":37,"column":6}},"26":{"start":{"line":32,"column":8},"end":{"line":32,"column":59}},"27":{"start":{"line":32,"column":39},"end":{"line":32,"column":57}},"28":{"start":{"line":33,"column":8},"end":{"line":35,"column":9}},"29":{"start":{"line":34,"column":12},"end":{"line":34,"column":35}},"30":{"start":{"line":36,"column":8},"end":{"line":36,"column":28}},"31":{"start":{"line":38,"column":4},"end":{"line":38,"column":24}},"32":{"start":{"line":40,"column":0},"end":{"line":40,"column":36}},"33":{"start":{"line":41,"column":0},"end":{"line":41,"column":44}}},"fnMap":{"0":{"name":"(anonymous_0)","decl":{"start":{"line":2,"column":45},"end":{"line":2,"column":46}},"loc":{"start":{"line":2,"column":57},"end":{"line":14,"column":1}},"line":2},"1":{"name":"(anonymous_1)","decl":{"start":{"line":3,"column":24},"end":{"line":3,"column":25}},"loc":{"start":{"line":3,"column":40},"end":{"line":8,"column":5}},"line":3},"2":{"name":"(anonymous_2)","decl":{"start":{"line":5,"column":51},"end":{"line":5,"column":52}},"loc":{"start":{"line":5,"column":67},"end":{"line":5,"column":87}},"line":5},"3":{"name":"(anonymous_3)","decl":{"start":{"line":6,"column":12},"end":{"line":6,"column":13}},"loc":{"start":{"line":6,"column":28},"end":{"line":6,"column":86}},"line":6},"4":{"name":"(anonymous_4)","decl":{"start":{"line":9,"column":11},"end":{"line":9,"column":12}},"loc":{"start":{"line":9,"column":27},"end":{"line":13,"column":5}},"line":9},"5":{"name":"__","decl":{"start":{"line":11,"column":17},"end":{"line":11,"column":19}},"loc":{"start":{"line":11,"column":22},"end":{"line":11,"column":47}},"line":11},"6":{"name":"(anonymous_6)","decl":{"start":{"line":20,"column":20},"end":{"line":20,"column":21}},"loc":{"start":{"line":20,"column":38},"end":{"line":39,"column":1}},"line":20},"7":{"name":"ConfigModule","decl":{"start":{"line":22,"column":13},"end":{"line":22,"column":25}},"loc":{"start":{"line":22,"column":28},"end":{"line":30,"column":5}},"line":22},"8":{"name":"(anonymous_8)","decl":{"start":{"line":31,"column":33},"end":{"line":31,"column":34}},"loc":{"start":{"line":31,"column":63},"end":{"line":37,"column":5}},"line":31}},"branchMap":{"0":{"loc":{"start":{"line":2,"column":16},"end":{"line":14,"column":4}},"type":"binary-expr","locations":[{"start":{"line":2,"column":17},"end":{"line":2,"column":21}},{"start":{"line":2,"column":25},"end":{"line":2,"column":39}},{"start":{"line":2,"column":44},"end":{"line":14,"column":4}}],"line":2},"1":{"loc":{"start":{"line":4,"column":24},"end":{"line":6,"column":86}},"type":"binary-expr","locations":[{"start":{"line":4,"column":24},"end":{"line":4,"column":45}},{"start":{"line":5,"column":13},"end":{"line":5,"column":47}},{"start":{"line":5,"column":51},"end":{"line":5,"column":87}},{"start":{"line":6,"column":12},"end":{"line":6,"column":86}}],"line":4},"2":{"loc":{"start":{"line":6,"column":47},"end":{"line":6,"column":84}},"type":"if","locations":[{"start":{"line":6,"column":47},"end":{"line":6,"column":84}},{"start":{"line":6,"column":47},"end":{"line":6,"column":84}}],"line":6},"3":{"loc":{"start":{"line":12,"column":22},"end":{"line":12,"column":92}},"type":"cond-expr","locations":[{"start":{"line":12,"column":35},"end":{"line":12,"column":51}},{"start":{"line":12,"column":55},"end":{"line":12,"column":91}}],"line":12},"4":{"loc":{"start":{"line":23,"column":20},"end":{"line":23,"column":45}},"type":"binary-expr","locations":[{"start":{"line":23,"column":20},"end":{"line":23,"column":37}},{"start":{"line":23,"column":41},"end":{"line":23,"column":45}}],"line":23},"5":{"loc":{"start":{"line":26,"column":8},"end":{"line":28,"column":9}},"type":"if","locations":[{"start":{"line":26,"column":8},"end":{"line":28,"column":9}},{"start":{"line":26,"column":8},"end":{"line":28,"column":9}}],"line":26},"6":{"loc":{"start":{"line":32,"column":8},"end":{"line":32,"column":59}},"type":"if","locations":[{"start":{"line":32,"column":8},"end":{"line":32,"column":59}},{"start":{"line":32,"column":8},"end":{"line":32,"column":59}}],"line":32},"7":{"loc":{"start":{"line":33,"column":8},"end":{"line":35,"column":9}},"type":"if","locations":[{"start":{"line":33,"column":8},"end":{"line":35,"column":9}},{"start":{"line":33,"column":8},"end":{"line":35,"column":9}}],"line":33}},"s":{"0":0,"1":0,"2":0,"3":0,"4":0,"5":0,"6":0,"7":0,"8":0,"9":0,"10":0,"11":0,"12":0,"13":0,"14":0,"15":0,"16":0,"17":0,"18":0,"19":0,"20":0,"21":0,"22":0,"23":0,"24":0,"25":0,"26":0,"27":0,"28":0,"29":0,"30":0,"31":0,"32":0,"33":0},"f":{"0":0,"1":0,"2":0,"3":0,"4":0,"5":0,"6":0,"7":0,"8":0},"b":{"0":[0,0,0],"1":[0,0,0,0],"2":[0,0],"3":[0,0],"4":[0,0],"5":[0,0],"6":[0,0],"7":[0,0]}},"c:\\Users\\dahhs\\Documents\\dwik\\repos\\artoo\\lib\\modules\\configs.module.js":{"path":"c:\\Users\\dahhs\\Documents\\dwik\\repos\\artoo\\lib\\modules\\configs.module.js","statementMap":{"0":{"start":{"line":2,"column":0},"end":{"line":2,"column":62}},"1":{"start":{"line":3,"column":9},"end":{"line":3,"column":22}},"2":{"start":{"line":4,"column":11},"end":{"line":4,"column":26}},"3":{"start":{"line":5,"column":21},"end":{"line":5,"column":40}},"4":{"start":{"line":6,"column":24},"end":{"line":6,"column":74}},"5":{"start":{"line":7,"column":17},"end":{"line":7,"column":73}},"6":{"start":{"line":8,"column":0},"end":{"line":10,"column":1}},"7":{"start":{"line":9,"column":4},"end":{"line":9,"column":35}},"8":{"start":{"line":11,"column":0},"end":{"line":11,"column":66}},"9":{"start":{"line":12,"column":0},"end":{"line":14,"column":3}},"10":{"start":{"line":13,"column":4},"end":{"line":13,"column":158}},"11":{"start":{"line":15,"column":0},"end":{"line":15,"column":69}}},"fnMap":{"0":{"name":"(anonymous_0)","decl":{"start":{"line":12,"column":43},"end":{"line":12,"column":44}},"loc":{"start":{"line":12,"column":58},"end":{"line":14,"column":1}},"line":12}},"branchMap":{"0":{"loc":{"start":{"line":8,"column":0},"end":{"line":10,"column":1}},"type":"if","locations":[{"start":{"line":8,"column":0},"end":{"line":10,"column":1}},{"start":{"line":8,"column":0},"end":{"line":10,"column":1}}],"line":8},"1":{"loc":{"start":{"line":13,"column":46},"end":{"line":13,"column":128}},"type":"cond-expr","locations":[{"start":{"line":13,"column":96},"end":{"line":13,"column":123}},{"start":{"line":13,"column":126},"end":{"line":13,"column":128}}],"line":13}},"s":{"0":0,"1":0,"2":0,"3":0,"4":0,"5":0,"6":0,"7":0,"8":0,"9":0,"10":0,"11":0},"f":{"0":0},"b":{"0":[0,0],"1":[0,0]}},"c:\\Users\\dahhs\\Documents\\dwik\\repos\\artoo\\lib\\modules\\container.module.js":{"path":"c:\\Users\\dahhs\\Documents\\dwik\\repos\\artoo\\lib\\modules\\container.module.js","statementMap":{"0":{"start":{"line":2,"column":16},"end":{"line":14,"column":4}},"1":{"start":{"line":3,"column":24},"end":{"line":8,"column":5}},"2":{"start":{"line":4,"column":8},"end":{"line":6,"column":87}},"3":{"start":{"line":5,"column":69},"end":{"line":5,"column":85}},"4":{"start":{"line":6,"column":30},"end":{"line":6,"column":84}},"5":{"start":{"line":6,"column":47},"end":{"line":6,"column":84}},"6":{"start":{"line":6,"column":72},"end":{"line":6,"column":84}},"7":{"start":{"line":7,"column":8},"end":{"line":7,"column":35}},"8":{"start":{"line":9,"column":4},"end":{"line":13,"column":6}},"9":{"start":{"line":10,"column":8},"end":{"line":10,"column":28}},"10":{"start":{"line":11,"column":24},"end":{"line":11,"column":45}},"11":{"start":{"line":12,"column":8},"end":{"line":12,"column":93}},"12":{"start":{"line":15,"column":0},"end":{"line":15,"column":62}},"13":{"start":{"line":16,"column":25},"end":{"line":16,"column":54}},"14":{"start":{"line":17,"column":17},"end":{"line":119,"column":37}},"15":{"start":{"line":18,"column":4},"end":{"line":18,"column":33}},"16":{"start":{"line":20,"column":20},"end":{"line":20,"column":76}},"17":{"start":{"line":21,"column":8},"end":{"line":21,"column":30}},"18":{"start":{"line":22,"column":8},"end":{"line":22,"column":21}},"19":{"start":{"line":24,"column":4},"end":{"line":41,"column":6}},"20":{"start":{"line":27,"column":8},"end":{"line":36,"column":9}},"21":{"start":{"line":28,"column":12},"end":{"line":28,"column":53}},"22":{"start":{"line":29,"column":12},"end":{"line":31,"column":13}},"23":{"start":{"line":30,"column":16},"end":{"line":30,"column":50}},"24":{"start":{"line":32,"column":12},"end":{"line":32,"column":48}},"25":{"start":{"line":35,"column":12},"end":{"line":35,"column":48}},"26":{"start":{"line":37,"column":8},"end":{"line":39,"column":9}},"27":{"start":{"line":38,"column":12},"end":{"line":38,"column":60}},"28":{"start":{"line":40,"column":8},"end":{"line":40,"column":87}},"29":{"start":{"line":42,"column":4},"end":{"line":63,"column":6}},"30":{"start":{"line":43,"column":8},"end":{"line":57,"column":9}},"31":{"start":{"line":44,"column":20},"end":{"line":44,"column":48}},"32":{"start":{"line":45,"column":12},"end":{"line":50,"column":13}},"33":{"start":{"line":46,"column":16},"end":{"line":46,"column":57}},"34":{"start":{"line":49,"column":16},"end":{"line":49,"column":34}},"35":{"start":{"line":52,"column":13},"end":{"line":57,"column":9}},"36":{"start":{"line":53,"column":12},"end":{"line":53,"column":52}},"37":{"start":{"line":55,"column":13},"end":{"line":57,"column":9}},"38":{"start":{"line":56,"column":12},"end":{"line":56,"column":140}},"39":{"start":{"line":58,"column":24},"end":{"line":58,"column":47}},"40":{"start":{"line":59,"column":8},"end":{"line":61,"column":9}},"41":{"start":{"line":60,"column":12},"end":{"line":60,"column":153}},"42":{"start":{"line":62,"column":8},"end":{"line":62,"column":34}},"43":{"start":{"line":64,"column":4},"end":{"line":76,"column":6}},"44":{"start":{"line":65,"column":17},"end":{"line":65,"column":40}},"45":{"start":{"line":65,"column":49},"end":{"line":65,"column":56}},"46":{"start":{"line":65,"column":68},"end":{"line":65,"column":78}},"47":{"start":{"line":66,"column":24},"end":{"line":66,"column":86}},"48":{"start":{"line":67,"column":8},"end":{"line":71,"column":9}},"49":{"start":{"line":68,"column":12},"end":{"line":68,"column":43}},"50":{"start":{"line":69,"column":12},"end":{"line":69,"column":44}},"51":{"start":{"line":70,"column":12},"end":{"line":70,"column":60}},"52":{"start":{"line":72,"column":8},"end":{"line":74,"column":9}},"53":{"start":{"line":73,"column":12},"end":{"line":73,"column":55}},"54":{"start":{"line":75,"column":8},"end":{"line":75,"column":32}},"55":{"start":{"line":77,"column":4},"end":{"line":89,"column":6}},"56":{"start":{"line":78,"column":8},"end":{"line":78,"column":54}},"57":{"start":{"line":78,"column":35},"end":{"line":78,"column":52}},"58":{"start":{"line":79,"column":24},"end":{"line":79,"column":47}},"59":{"start":{"line":80,"column":8},"end":{"line":87,"column":9}},"60":{"start":{"line":81,"column":12},"end":{"line":86,"column":13}},"61":{"start":{"line":82,"column":16},"end":{"line":82,"column":85}},"62":{"start":{"line":85,"column":16},"end":{"line":85,"column":122}},"63":{"start":{"line":88,"column":8},"end":{"line":88,"column":58}},"64":{"start":{"line":90,"column":4},"end":{"line":105,"column":6}},"65":{"start":{"line":91,"column":8},"end":{"line":91,"column":54}},"66":{"start":{"line":91,"column":35},"end":{"line":91,"column":52}},"67":{"start":{"line":92,"column":27},"end":{"line":95,"column":9}},"68":{"start":{"line":96,"column":24},"end":{"line":96,"column":47}},"69":{"start":{"line":97,"column":8},"end":{"line":103,"column":9}},"70":{"start":{"line":98,"column":12},"end":{"line":98,"column":47}},"71":{"start":{"line":99,"column":12},"end":{"line":99,"column":37}},"72":{"start":{"line":101,"column":13},"end":{"line":103,"column":9}},"73":{"start":{"line":102,"column":12},"end":{"line":102,"column":56}},"74":{"start":{"line":104,"column":8},"end":{"line":104,"column":34}},"75":{"start":{"line":106,"column":4},"end":{"line":108,"column":6}},"76":{"start":{"line":107,"column":8},"end":{"line":107,"column":94}},"77":{"start":{"line":107,"column":59},"end":{"line":107,"column":90}},"78":{"start":{"line":109,"column":4},"end":{"line":111,"column":6}},"79":{"start":{"line":110,"column":8},"end":{"line":110,"column":99}},"80":{"start":{"line":110,"column":64},"end":{"line":110,"column":95}},"81":{"start":{"line":112,"column":4},"end":{"line":117,"column":6}},"82":{"start":{"line":113,"column":8},"end":{"line":115,"column":9}},"83":{"start":{"line":114,"column":12},"end":{"line":114,"column":59}},"84":{"start":{"line":116,"column":8},"end":{"line":116,"column":50}},"85":{"start":{"line":118,"column":4},"end":{"line":118,"column":21}},"86":{"start":{"line":120,"column":0},"end":{"line":120,"column":44}}},"fnMap":{"0":{"name":"(anonymous_0)","decl":{"start":{"line":2,"column":45},"end":{"line":2,"column":46}},"loc":{"start":{"line":2,"column":57},"end":{"line":14,"column":1}},"line":2},"1":{"name":"(anonymous_1)","decl":{"start":{"line":3,"column":24},"end":{"line":3,"column":25}},"loc":{"start":{"line":3,"column":40},"end":{"line":8,"column":5}},"line":3},"2":{"name":"(anonymous_2)","decl":{"start":{"line":5,"column":51},"end":{"line":5,"column":52}},"loc":{"start":{"line":5,"column":67},"end":{"line":5,"column":87}},"line":5},"3":{"name":"(anonymous_3)","decl":{"start":{"line":6,"column":12},"end":{"line":6,"column":13}},"loc":{"start":{"line":6,"column":28},"end":{"line":6,"column":86}},"line":6},"4":{"name":"(anonymous_4)","decl":{"start":{"line":9,"column":11},"end":{"line":9,"column":12}},"loc":{"start":{"line":9,"column":27},"end":{"line":13,"column":5}},"line":9},"5":{"name":"__","decl":{"start":{"line":11,"column":17},"end":{"line":11,"column":19}},"loc":{"start":{"line":11,"column":22},"end":{"line":11,"column":47}},"line":11},"6":{"name":"(anonymous_6)","decl":{"start":{"line":17,"column":17},"end":{"line":17,"column":18}},"loc":{"start":{"line":17,"column":35},"end":{"line":119,"column":1}},"line":17},"7":{"name":"Container","decl":{"start":{"line":19,"column":13},"end":{"line":19,"column":22}},"loc":{"start":{"line":19,"column":25},"end":{"line":23,"column":5}},"line":19},"8":{"name":"(anonymous_8)","decl":{"start":{"line":24,"column":33},"end":{"line":24,"column":34}},"loc":{"start":{"line":24,"column":55},"end":{"line":41,"column":5}},"line":24},"9":{"name":"(anonymous_9)","decl":{"start":{"line":42,"column":30},"end":{"line":42,"column":31}},"loc":{"start":{"line":42,"column":56},"end":{"line":63,"column":5}},"line":42},"10":{"name":"(anonymous_10)","decl":{"start":{"line":64,"column":37},"end":{"line":64,"column":38}},"loc":{"start":{"line":64,"column":57},"end":{"line":76,"column":5}},"line":64},"11":{"name":"(anonymous_11)","decl":{"start":{"line":77,"column":30},"end":{"line":77,"column":31}},"loc":{"start":{"line":77,"column":66},"end":{"line":89,"column":5}},"line":77},"12":{"name":"(anonymous_12)","decl":{"start":{"line":90,"column":38},"end":{"line":90,"column":39}},"loc":{"start":{"line":90,"column":74},"end":{"line":105,"column":5}},"line":90},"13":{"name":"(anonymous_13)","decl":{"start":{"line":106,"column":39},"end":{"line":106,"column":40}},"loc":{"start":{"line":106,"column":55},"end":{"line":108,"column":5}},"line":106},"14":{"name":"(anonymous_14)","decl":{"start":{"line":107,"column":36},"end":{"line":107,"column":37}},"loc":{"start":{"line":107,"column":57},"end":{"line":107,"column":92}},"line":107},"15":{"name":"(anonymous_15)","decl":{"start":{"line":109,"column":44},"end":{"line":109,"column":45}},"loc":{"start":{"line":109,"column":60},"end":{"line":111,"column":5}},"line":109},"16":{"name":"(anonymous_16)","decl":{"start":{"line":110,"column":41},"end":{"line":110,"column":42}},"loc":{"start":{"line":110,"column":62},"end":{"line":110,"column":97}},"line":110},"17":{"name":"(anonymous_17)","decl":{"start":{"line":112,"column":39},"end":{"line":112,"column":40}},"loc":{"start":{"line":112,"column":67},"end":{"line":117,"column":5}},"line":112}},"branchMap":{"0":{"loc":{"start":{"line":2,"column":16},"end":{"line":14,"column":4}},"type":"binary-expr","locations":[{"start":{"line":2,"column":17},"end":{"line":2,"column":21}},{"start":{"line":2,"column":25},"end":{"line":2,"column":39}},{"start":{"line":2,"column":44},"end":{"line":14,"column":4}}],"line":2},"1":{"loc":{"start":{"line":4,"column":24},"end":{"line":6,"column":86}},"type":"binary-expr","locations":[{"start":{"line":4,"column":24},"end":{"line":4,"column":45}},{"start":{"line":5,"column":13},"end":{"line":5,"column":47}},{"start":{"line":5,"column":51},"end":{"line":5,"column":87}},{"start":{"line":6,"column":12},"end":{"line":6,"column":86}}],"line":4},"2":{"loc":{"start":{"line":6,"column":47},"end":{"line":6,"column":84}},"type":"if","locations":[{"start":{"line":6,"column":47},"end":{"line":6,"column":84}},{"start":{"line":6,"column":47},"end":{"line":6,"column":84}}],"line":6},"3":{"loc":{"start":{"line":12,"column":22},"end":{"line":12,"column":92}},"type":"cond-expr","locations":[{"start":{"line":12,"column":35},"end":{"line":12,"column":51}},{"start":{"line":12,"column":55},"end":{"line":12,"column":91}}],"line":12},"4":{"loc":{"start":{"line":20,"column":20},"end":{"line":20,"column":76}},"type":"binary-expr","locations":[{"start":{"line":20,"column":20},"end":{"line":20,"column":35}},{"start":{"line":20,"column":39},"end":{"line":20,"column":68}},{"start":{"line":20,"column":72},"end":{"line":20,"column":76}}],"line":20},"5":{"loc":{"start":{"line":27,"column":8},"end":{"line":36,"column":9}},"type":"if","locations":[{"start":{"line":27,"column":8},"end":{"line":36,"column":9}},{"start":{"line":27,"column":8},"end":{"line":36,"column":9}}],"line":27},"6":{"loc":{"start":{"line":29,"column":12},"end":{"line":31,"column":13}},"type":"if","locations":[{"start":{"line":29,"column":12},"end":{"line":31,"column":13}},{"start":{"line":29,"column":12},"end":{"line":31,"column":13}}],"line":29},"7":{"loc":{"start":{"line":37,"column":8},"end":{"line":39,"column":9}},"type":"if","locations":[{"start":{"line":37,"column":8},"end":{"line":39,"column":9}},{"start":{"line":37,"column":8},"end":{"line":39,"column":9}}],"line":37},"8":{"loc":{"start":{"line":43,"column":8},"end":{"line":57,"column":9}},"type":"if","locations":[{"start":{"line":43,"column":8},"end":{"line":57,"column":9}},{"start":{"line":43,"column":8},"end":{"line":57,"column":9}}],"line":43},"9":{"loc":{"start":{"line":43,"column":12},"end":{"line":43,"column":65}},"type":"binary-expr","locations":[{"start":{"line":43,"column":12},"end":{"line":43,"column":38}},{"start":{"line":43,"column":42},"end":{"line":43,"column":65}}],"line":43},"10":{"loc":{"start":{"line":45,"column":12},"end":{"line":50,"column":13}},"type":"if","locations":[{"start":{"line":45,"column":12},"end":{"line":50,"column":13}},{"start":{"line":45,"column":12},"end":{"line":50,"column":13}}],"line":45},"11":{"loc":{"start":{"line":52,"column":13},"end":{"line":57,"column":9}},"type":"if","locations":[{"start":{"line":52,"column":13},"end":{"line":57,"column":9}},{"start":{"line":52,"column":13},"end":{"line":57,"column":9}}],"line":52},"12":{"loc":{"start":{"line":52,"column":17},"end":{"line":52,"column":67}},"type":"binary-expr","locations":[{"start":{"line":52,"column":17},"end":{"line":52,"column":41}},{"start":{"line":52,"column":45},"end":{"line":52,"column":67}}],"line":52},"13":{"loc":{"start":{"line":55,"column":13},"end":{"line":57,"column":9}},"type":"if","locations":[{"start":{"line":55,"column":13},"end":{"line":57,"column":9}},{"start":{"line":55,"column":13},"end":{"line":57,"column":9}}],"line":55},"14":{"loc":{"start":{"line":59,"column":8},"end":{"line":61,"column":9}},"type":"if","locations":[{"start":{"line":59,"column":8},"end":{"line":61,"column":9}},{"start":{"line":59,"column":8},"end":{"line":61,"column":9}}],"line":59},"15":{"loc":{"start":{"line":65,"column":17},"end":{"line":65,"column":40}},"type":"cond-expr","locations":[{"start":{"line":65,"column":33},"end":{"line":65,"column":35}},{"start":{"line":65,"column":38},"end":{"line":65,"column":40}}],"line":65},"16":{"loc":{"start":{"line":66,"column":42},"end":{"line":66,"column":85}},"type":"cond-expr","locations":[{"start":{"line":66,"column":69},"end":{"line":66,"column":78}},{"start":{"line":66,"column":81},"end":{"line":66,"column":85}}],"line":66},"17":{"loc":{"start":{"line":67,"column":8},"end":{"line":71,"column":9}},"type":"if","locations":[{"start":{"line":67,"column":8},"end":{"line":71,"column":9}},{"start":{"line":67,"column":8},"end":{"line":71,"column":9}}],"line":67},"18":{"loc":{"start":{"line":67,"column":12},"end":{"line":67,"column":63}},"type":"binary-expr","locations":[{"start":{"line":67,"column":12},"end":{"line":67,"column":36}},{"start":{"line":67,"column":40},"end":{"line":67,"column":63}}],"line":67},"19":{"loc":{"start":{"line":68,"column":22},"end":{"line":68,"column":42}},"type":"binary-expr","locations":[{"start":{"line":68,"column":22},"end":{"line":68,"column":29}},{"start":{"line":68,"column":33},"end":{"line":68,"column":42}}],"line":68},"20":{"loc":{"start":{"line":72,"column":8},"end":{"line":74,"column":9}},"type":"if","locations":[{"start":{"line":72,"column":8},"end":{"line":74,"column":9}},{"start":{"line":72,"column":8},"end":{"line":74,"column":9}}],"line":72},"21":{"loc":{"start":{"line":78,"column":8},"end":{"line":78,"column":54}},"type":"if","locations":[{"start":{"line":78,"column":8},"end":{"line":78,"column":54}},{"start":{"line":78,"column":8},"end":{"line":78,"column":54}}],"line":78},"22":{"loc":{"start":{"line":80,"column":8},"end":{"line":87,"column":9}},"type":"if","locations":[{"start":{"line":80,"column":8},"end":{"line":87,"column":9}},{"start":{"line":80,"column":8},"end":{"line":87,"column":9}}],"line":80},"23":{"loc":{"start":{"line":80,"column":12},"end":{"line":80,"column":98}},"type":"binary-expr","locations":[{"start":{"line":80,"column":12},"end":{"line":80,"column":35}},{"start":{"line":80,"column":39},"end":{"line":80,"column":98}}],"line":80},"24":{"loc":{"start":{"line":81,"column":12},"end":{"line":86,"column":13}},"type":"if","locations":[{"start":{"line":81,"column":12},"end":{"line":86,"column":13}},{"start":{"line":81,"column":12},"end":{"line":86,"column":13}}],"line":81},"25":{"loc":{"start":{"line":91,"column":8},"end":{"line":91,"column":54}},"type":"if","locations":[{"start":{"line":91,"column":8},"end":{"line":91,"column":54}},{"start":{"line":91,"column":8},"end":{"line":91,"column":54}}],"line":91},"26":{"loc":{"start":{"line":97,"column":8},"end":{"line":103,"column":9}},"type":"if","locations":[{"start":{"line":97,"column":8},"end":{"line":103,"column":9}},{"start":{"line":97,"column":8},"end":{"line":103,"column":9}}],"line":97},"27":{"loc":{"start":{"line":101,"column":13},"end":{"line":103,"column":9}},"type":"if","locations":[{"start":{"line":101,"column":13},"end":{"line":103,"column":9}},{"start":{"line":101,"column":13},"end":{"line":103,"column":9}}],"line":101},"28":{"loc":{"start":{"line":113,"column":8},"end":{"line":115,"column":9}},"type":"if","locations":[{"start":{"line":113,"column":8},"end":{"line":115,"column":9}},{"start":{"line":113,"column":8},"end":{"line":115,"column":9}}],"line":113}},"s":{"0":0,"1":0,"2":0,"3":0,"4":0,"5":0,"6":0,"7":0,"8":0,"9":0,"10":0,"11":0,"12":0,"13":0,"14":0,"15":0,"16":0,"17":0,"18":0,"19":0,"20":0,"21":0,"22":0,"23":0,"24":0,"25":0,"26":0,"27":0,"28":0,"29":0,"30":0,"31":0,"32":0,"33":0,"34":0,"35":0,"36":0,"37":0,"38":0,"39":0,"40":0,"41":0,"42":0,"43":0,"44":0,"45":0,"46":0,"47":0,"48":0,"49":0,"50":0,"51":0,"52":0,"53":0,"54":0,"55":0,"56":0,"57":0,"58":0,"59":0,"60":0,"61":0,"62":0,"63":0,"64":0,"65":0,"66":0,"67":0,"68":0,"69":0,"70":0,"71":0,"72":0,"73":0,"74":0,"75":0,"76":0,"77":0,"78":0,"79":0,"80":0,"81":0,"82":0,"83":0,"84":0,"85":0,"86":0},"f":{"0":0,"1":0,"2":0,"3":0,"4":0,"5":0,"6":0,"7":0,"8":0,"9":0,"10":0,"11":0,"12":0,"13":0,"14":0,"15":0,"16":0,"17":0},"b":{"0":[0,0,0],"1":[0,0,0,0],"2":[0,0],"3":[0,0],"4":[0,0,0],"5":[0,0],"6":[0,0],"7":[0,0],"8":[0,0],"9":[0,0],"10":[0,0],"11":[0,0],"12":[0,0],"13":[0,0],"14":[0,0],"15":[0,0],"16":[0,0],"17":[0,0],"18":[0,0],"19":[0,0],"20":[0,0],"21":[0,0],"22":[0,0],"23":[0,0],"24":[0,0],"25":[0,0],"26":[0,0],"27":[0,0],"28":[0,0]}},"c:\\Users\\dahhs\\Documents\\dwik\\repos\\artoo\\lib\\modules\\container.module.spec.js":{"path":"c:\\Users\\dahhs\\Documents\\dwik\\repos\\artoo\\lib\\modules\\container.module.spec.js","statementMap":{"0":{"start":{"line":2,"column":0},"end":{"line":2,"column":62}},"1":{"start":{"line":3,"column":0},"end":{"line":3,"column":30}},"2":{"start":{"line":4,"column":13},"end":{"line":4,"column":28}},"3":{"start":{"line":5,"column":25},"end":{"line":5,"column":54}},"4":{"start":{"line":6,"column":11},"end":{"line":13,"column":3}},"5":{"start":{"line":8,"column":8},"end":{"line":8,"column":52}},"6":{"start":{"line":8,"column":30},"end":{"line":8,"column":50}},"7":{"start":{"line":9,"column":8},"end":{"line":9,"column":23}},"8":{"start":{"line":11,"column":4},"end":{"line":11,"column":80}},"9":{"start":{"line":11,"column":49},"end":{"line":11,"column":77}},"10":{"start":{"line":12,"column":4},"end":{"line":12,"column":15}},"11":{"start":{"line":14,"column":11},"end":{"line":18,"column":3}},"12":{"start":{"line":17,"column":4},"end":{"line":17,"column":15}},"13":{"start":{"line":19,"column":0},"end":{"line":98,"column":3}},"14":{"start":{"line":20,"column":4},"end":{"line":40,"column":7}},"15":{"start":{"line":21,"column":8},"end":{"line":29,"column":11}},"16":{"start":{"line":22,"column":12},"end":{"line":22,"column":57}},"17":{"start":{"line":23,"column":33},"end":{"line":23,"column":53}},"18":{"start":{"line":24,"column":30},"end":{"line":24,"column":69}},"19":{"start":{"line":25,"column":28},"end":{"line":25,"column":45}},"20":{"start":{"line":26,"column":35},"end":{"line":26,"column":61}},"21":{"start":{"line":27,"column":12},"end":{"line":27,"column":53}},"22":{"start":{"line":28,"column":12},"end":{"line":28,"column":69}},"23":{"start":{"line":30,"column":8},"end":{"line":35,"column":11}},"24":{"start":{"line":31,"column":29},"end":{"line":31,"column":60}},"25":{"start":{"line":32,"column":12},"end":{"line":32,"column":71}},"26":{"start":{"line":33,"column":37},"end":{"line":33,"column":83}},"27":{"start":{"line":34,"column":12},"end":{"line":34,"column":67}},"28":{"start":{"line":36,"column":8},"end":{"line":39,"column":11}},"29":{"start":{"line":37,"column":30},"end":{"line":37,"column":67}},"30":{"start":{"line":38,"column":12},"end":{"line":38,"column":53}},"31":{"start":{"line":41,"column":4},"end":{"line":63,"column":7}},"32":{"start":{"line":42,"column":8},"end":{"line":47,"column":11}},"33":{"start":{"line":43,"column":12},"end":{"line":43,"column":57}},"34":{"start":{"line":44,"column":29},"end":{"line":44,"column":73}},"35":{"start":{"line":45,"column":30},"end":{"line":45,"column":74}},"36":{"start":{"line":46,"column":12},"end":{"line":46,"column":60}},"37":{"start":{"line":48,"column":8},"end":{"line":52,"column":11}},"38":{"start":{"line":49,"column":29},"end":{"line":49,"column":73}},"39":{"start":{"line":50,"column":30},"end":{"line":50,"column":74}},"40":{"start":{"line":51,"column":12},"end":{"line":51,"column":60}},"41":{"start":{"line":53,"column":8},"end":{"line":57,"column":11}},"42":{"start":{"line":54,"column":29},"end":{"line":54,"column":101}},"43":{"start":{"line":55,"column":30},"end":{"line":55,"column":102}},"44":{"start":{"line":56,"column":12},"end":{"line":56,"column":60}},"45":{"start":{"line":58,"column":8},"end":{"line":62,"column":11}},"46":{"start":{"line":59,"column":29},"end":{"line":59,"column":101}},"47":{"start":{"line":60,"column":29},"end":{"line":60,"column":101}},"48":{"start":{"line":61,"column":12},"end":{"line":61,"column":63}},"49":{"start":{"line":64,"column":4},"end":{"line":83,"column":7}},"50":{"start":{"line":65,"column":8},"end":{"line":72,"column":11}},"51":{"start":{"line":66,"column":12},"end":{"line":66,"column":57}},"52":{"start":{"line":67,"column":33},"end":{"line":67,"column":46}},"53":{"start":{"line":68,"column":30},"end":{"line":68,"column":72}},"54":{"start":{"line":69,"column":31},"end":{"line":69,"column":73}},"55":{"start":{"line":70,"column":12},"end":{"line":70,"column":68}},"56":{"start":{"line":71,"column":12},"end":{"line":71,"column":66}},"57":{"start":{"line":73,"column":8},"end":{"line":77,"column":11}},"58":{"start":{"line":74,"column":33},"end":{"line":74,"column":46}},"59":{"start":{"line":75,"column":30},"end":{"line":75,"column":70}},"60":{"start":{"line":76,"column":12},"end":{"line":76,"column":68}},"61":{"start":{"line":78,"column":8},"end":{"line":82,"column":11}},"62":{"start":{"line":79,"column":33},"end":{"line":79,"column":49}},"63":{"start":{"line":80,"column":30},"end":{"line":80,"column":88}},"64":{"start":{"line":81,"column":12},"end":{"line":81,"column":68}},"65":{"start":{"line":84,"column":4},"end":{"line":97,"column":7}},"66":{"start":{"line":85,"column":8},"end":{"line":90,"column":11}},"67":{"start":{"line":86,"column":12},"end":{"line":86,"column":57}},"68":{"start":{"line":87,"column":30},"end":{"line":87,"column":74}},"69":{"start":{"line":88,"column":12},"end":{"line":88,"column":57}},"70":{"start":{"line":89,"column":12},"end":{"line":89,"column":53}},"71":{"start":{"line":91,"column":8},"end":{"line":96,"column":11}},"72":{"start":{"line":92,"column":12},"end":{"line":92,"column":57}},"73":{"start":{"line":93,"column":30},"end":{"line":93,"column":80}},"74":{"start":{"line":94,"column":12},"end":{"line":94,"column":57}},"75":{"start":{"line":95,"column":12},"end":{"line":95,"column":53}}},"fnMap":{"0":{"name":"(anonymous_0)","decl":{"start":{"line":6,"column":11},"end":{"line":6,"column":12}},"loc":{"start":{"line":6,"column":23},"end":{"line":13,"column":1}},"line":6},"1":{"name":"Foo","decl":{"start":{"line":7,"column":13},"end":{"line":7,"column":16}},"loc":{"start":{"line":7,"column":22},"end":{"line":10,"column":5}},"line":7},"2":{"name":"(anonymous_2)","decl":{"start":{"line":11,"column":35},"end":{"line":11,"column":36}},"loc":{"start":{"line":11,"column":47},"end":{"line":11,"column":79}},"line":11},"3":{"name":"(anonymous_3)","decl":{"start":{"line":14,"column":11},"end":{"line":14,"column":12}},"loc":{"start":{"line":14,"column":23},"end":{"line":18,"column":1}},"line":14},"4":{"name":"Bar","decl":{"start":{"line":15,"column":13},"end":{"line":15,"column":16}},"loc":{"start":{"line":15,"column":19},"end":{"line":16,"column":5}},"line":15},"5":{"name":"(anonymous_5)","decl":{"start":{"line":19,"column":22},"end":{"line":19,"column":23}},"loc":{"start":{"line":19,"column":34},"end":{"line":98,"column":1}},"line":19},"6":{"name":"(anonymous_6)","decl":{"start":{"line":20,"column":26},"end":{"line":20,"column":27}},"loc":{"start":{"line":20,"column":38},"end":{"line":40,"column":5}},"line":20},"7":{"name":"(anonymous_7)","decl":{"start":{"line":21,"column":57},"end":{"line":21,"column":58}},"loc":{"start":{"line":21,"column":69},"end":{"line":29,"column":9}},"line":21},"8":{"name":"(anonymous_8)","decl":{"start":{"line":30,"column":59},"end":{"line":30,"column":60}},"loc":{"start":{"line":30,"column":71},"end":{"line":35,"column":9}},"line":30},"9":{"name":"(anonymous_9)","decl":{"start":{"line":36,"column":76},"end":{"line":36,"column":77}},"loc":{"start":{"line":36,"column":88},"end":{"line":39,"column":9}},"line":36},"10":{"name":"(anonymous_10)","decl":{"start":{"line":41,"column":24},"end":{"line":41,"column":25}},"loc":{"start":{"line":41,"column":36},"end":{"line":63,"column":5}},"line":41},"11":{"name":"(anonymous_11)","decl":{"start":{"line":42,"column":60},"end":{"line":42,"column":61}},"loc":{"start":{"line":42,"column":72},"end":{"line":47,"column":9}},"line":42},"12":{"name":"(anonymous_12)","decl":{"start":{"line":48,"column":71},"end":{"line":48,"column":72}},"loc":{"start":{"line":48,"column":83},"end":{"line":52,"column":9}},"line":48},"13":{"name":"(anonymous_13)","decl":{"start":{"line":53,"column":66},"end":{"line":53,"column":67}},"loc":{"start":{"line":53,"column":78},"end":{"line":57,"column":9}},"line":53},"14":{"name":"(anonymous_14)","decl":{"start":{"line":58,"column":78},"end":{"line":58,"column":79}},"loc":{"start":{"line":58,"column":90},"end":{"line":62,"column":9}},"line":58},"15":{"name":"(anonymous_15)","decl":{"start":{"line":64,"column":24},"end":{"line":64,"column":25}},"loc":{"start":{"line":64,"column":36},"end":{"line":83,"column":5}},"line":64},"16":{"name":"(anonymous_16)","decl":{"start":{"line":65,"column":60},"end":{"line":65,"column":61}},"loc":{"start":{"line":65,"column":72},"end":{"line":72,"column":9}},"line":65},"17":{"name":"(anonymous_17)","decl":{"start":{"line":73,"column":81},"end":{"line":73,"column":82}},"loc":{"start":{"line":73,"column":93},"end":{"line":77,"column":9}},"line":73},"18":{"name":"(anonymous_18)","decl":{"start":{"line":78,"column":94},"end":{"line":78,"column":95}},"loc":{"start":{"line":78,"column":106},"end":{"line":82,"column":9}},"line":78},"19":{"name":"(anonymous_19)","decl":{"start":{"line":84,"column":25},"end":{"line":84,"column":26}},"loc":{"start":{"line":84,"column":37},"end":{"line":97,"column":5}},"line":84},"20":{"name":"(anonymous_20)","decl":{"start":{"line":85,"column":82},"end":{"line":85,"column":83}},"loc":{"start":{"line":85,"column":94},"end":{"line":90,"column":9}},"line":85},"21":{"name":"(anonymous_21)","decl":{"start":{"line":91,"column":75},"end":{"line":91,"column":76}},"loc":{"start":{"line":91,"column":87},"end":{"line":96,"column":9}},"line":91}},"branchMap":{"0":{"loc":{"start":{"line":8,"column":8},"end":{"line":8,"column":52}},"type":"if","locations":[{"start":{"line":8,"column":8},"end":{"line":8,"column":52}},{"start":{"line":8,"column":8},"end":{"line":8,"column":52}}],"line":8}},"s":{"0":0,"1":0,"2":0,"3":0,"4":0,"5":0,"6":0,"7":0,"8":0,"9":0,"10":0,"11":0,"12":0,"13":0,"14":0,"15":0,"16":0,"17":0,"18":0,"19":0,"20":0,"21":0,"22":0,"23":0,"24":0,"25":0,"26":0,"27":0,"28":0,"29":0,"30":0,"31":0,"32":0,"33":0,"34":0,"35":0,"36":0,"37":0,"38":0,"39":0,"40":0,"41":0,"42":0,"43":0,"44":0,"45":0,"46":0,"47":0,"48":0,"49":0,"50":0,"51":0,"52":0,"53":0,"54":0,"55":0,"56":0,"57":0,"58":0,"59":0,"60":0,"61":0,"62":0,"63":0,"64":0,"65":0,"66":0,"67":0,"68":0,"69":0,"70":0,"71":0,"72":0,"73":0,"74":0,"75":0},"f":{"0":0,"1":0,"2":0,"3":0,"4":0,"5":0,"6":0,"7":0,"8":0,"9":0,"10":0,"11":0,"12":0,"13":0,"14":0,"15":0,"16":0,"17":0,"18":0,"19":0,"20":0,"21":0},"b":{"0":[0,0]}},"c:\\Users\\dahhs\\Documents\\dwik\\repos\\artoo\\lib\\modules\\index.js":{"path":"c:\\Users\\dahhs\\Documents\\dwik\\repos\\artoo\\lib\\modules\\index.js","statementMap":{"0":{"start":{"line":3,"column":4},"end":{"line":3,"column":71}},"1":{"start":{"line":3,"column":21},"end":{"line":3,"column":71}},"2":{"start":{"line":3,"column":53},"end":{"line":3,"column":71}},"3":{"start":{"line":5,"column":0},"end":{"line":5,"column":62}},"4":{"start":{"line":6,"column":0},"end":{"line":6,"column":27}},"5":{"start":{"line":7,"column":0},"end":{"line":7,"column":40}},"6":{"start":{"line":8,"column":0},"end":{"line":8,"column":38}},"7":{"start":{"line":9,"column":0},"end":{"line":9,"column":37}},"8":{"start":{"line":10,"column":0},"end":{"line":10,"column":40}},"9":{"start":{"line":11,"column":0},"end":{"line":11,"column":41}}},"fnMap":{"0":{"name":"__export","decl":{"start":{"line":2,"column":9},"end":{"line":2,"column":17}},"loc":{"start":{"line":2,"column":21},"end":{"line":4,"column":1}},"line":2}},"branchMap":{"0":{"loc":{"start":{"line":3,"column":21},"end":{"line":3,"column":71}},"type":"if","locations":[{"start":{"line":3,"column":21},"end":{"line":3,"column":71}},{"start":{"line":3,"column":21},"end":{"line":3,"column":71}}],"line":3}},"s":{"0":0,"1":0,"2":0,"3":0,"4":0,"5":0,"6":0,"7":0,"8":0,"9":0},"f":{"0":0},"b":{"0":[0,0]}},"c:\\Users\\dahhs\\Documents\\dwik\\repos\\artoo\\lib\\modules\\migrate.module.js":{"path":"c:\\Users\\dahhs\\Documents\\dwik\\repos\\artoo\\lib\\modules\\migrate.module.js","statementMap":{"0":{"start":{"line":2,"column":0},"end":{"line":2,"column":62}},"1":{"start":{"line":3,"column":14},"end":{"line":3,"column":33}},"2":{"start":{"line":4,"column":19},"end":{"line":4,"column":43}},"3":{"start":{"line":5,"column":9},"end":{"line":5,"column":22}},"4":{"start":{"line":6,"column":11},"end":{"line":6,"column":26}},"5":{"start":{"line":7,"column":17},"end":{"line":7,"column":39}},"6":{"start":{"line":8,"column":23},"end":{"line":8,"column":60}},"7":{"start":{"line":9,"column":21},"end":{"line":9,"column":56}},"8":{"start":{"line":10,"column":24},"end":{"line":10,"column":62}},"9":{"start":{"line":11,"column":25},"end":{"line":11,"column":54}},"10":{"start":{"line":12,"column":14},"end":{"line":12,"column":79}},"11":{"start":{"line":13,"column":11},"end":{"line":13,"column":78}},"12":{"start":{"line":14,"column":14},"end":{"line":14,"column":87}},"13":{"start":{"line":15,"column":20},"end":{"line":15,"column":91}},"14":{"start":{"line":16,"column":20},"end":{"line":16,"column":92}},"15":{"start":{"line":17,"column":21},"end":{"line":17,"column":68}},"16":{"start":{"line":18,"column":21},"end":{"line":148,"column":3}},"17":{"start":{"line":21,"column":4},"end":{"line":67,"column":6}},"18":{"start":{"line":22,"column":20},"end":{"line":22,"column":24}},"19":{"start":{"line":23,"column":8},"end":{"line":23,"column":54}},"20":{"start":{"line":23,"column":35},"end":{"line":23,"column":52}},"21":{"start":{"line":24,"column":8},"end":{"line":24,"column":51}},"22":{"start":{"line":24,"column":34},"end":{"line":24,"column":49}},"23":{"start":{"line":25,"column":8},"end":{"line":66,"column":11}},"24":{"start":{"line":26,"column":12},"end":{"line":30,"column":13}},"25":{"start":{"line":27,"column":16},"end":{"line":28,"column":71}},"26":{"start":{"line":27,"column":51},"end":{"line":27,"column":179}},"27":{"start":{"line":27,"column":108},"end":{"line":27,"column":125}},"28":{"start":{"line":27,"column":154},"end":{"line":27,"column":175}},"29":{"start":{"line":28,"column":46},"end":{"line":28,"column":67}},"30":{"start":{"line":29,"column":16},"end":{"line":29,"column":23}},"31":{"start":{"line":31,"column":12},"end":{"line":65,"column":15}},"32":{"start":{"line":32,"column":41},"end":{"line":32,"column":116}},"33":{"start":{"line":32,"column":82},"end":{"line":32,"column":113}},"34":{"start":{"line":33,"column":34},"end":{"line":33,"column":121}},"35":{"start":{"line":34,"column":42},"end":{"line":34,"column":162}},"36":{"start":{"line":34,"column":83},"end":{"line":34,"column":159}},"37":{"start":{"line":35,"column":16},"end":{"line":37,"column":17}},"38":{"start":{"line":36,"column":20},"end":{"line":36,"column":54}},"39":{"start":{"line":38,"column":16},"end":{"line":64,"column":19}},"40":{"start":{"line":38,"column":77},"end":{"line":57,"column":22}},"41":{"start":{"line":38,"column":98},"end":{"line":57,"column":19}},"42":{"start":{"line":39,"column":20},"end":{"line":56,"column":73}},"43":{"start":{"line":39,"column":57},"end":{"line":39,"column":88}},"44":{"start":{"line":40,"column":24},"end":{"line":55,"column":77}},"45":{"start":{"line":41,"column":28},"end":{"line":54,"column":29}},"46":{"start":{"line":42,"column":32},"end":{"line":47,"column":85}},"47":{"start":{"line":43,"column":36},"end":{"line":46,"column":89}},"48":{"start":{"line":44,"column":40},"end":{"line":44,"column":97}},"49":{"start":{"line":45,"column":40},"end":{"line":45,"column":50}},"50":{"start":{"line":46,"column":64},"end":{"line":46,"column":85}},"51":{"start":{"line":47,"column":60},"end":{"line":47,"column":81}},"52":{"start":{"line":50,"column":32},"end":{"line":53,"column":85}},"53":{"start":{"line":51,"column":36},"end":{"line":51,"column":78}},"54":{"start":{"line":52,"column":36},"end":{"line":52,"column":46}},"55":{"start":{"line":53,"column":60},"end":{"line":53,"column":81}},"56":{"start":{"line":55,"column":52},"end":{"line":55,"column":73}},"57":{"start":{"line":56,"column":48},"end":{"line":56,"column":69}},"58":{"start":{"line":58,"column":20},"end":{"line":62,"column":21}},"59":{"start":{"line":59,"column":24},"end":{"line":59,"column":61}},"60":{"start":{"line":60,"column":24},"end":{"line":60,"column":61}},"61":{"start":{"line":61,"column":24},"end":{"line":61,"column":31}},"62":{"start":{"line":63,"column":20},"end":{"line":63,"column":30}},"63":{"start":{"line":68,"column":4},"end":{"line":70,"column":6}},"64":{"start":{"line":69,"column":8},"end":{"line":69,"column":34}},"65":{"start":{"line":71,"column":4},"end":{"line":107,"column":6}},"66":{"start":{"line":72,"column":8},"end":{"line":106,"column":11}},"67":{"start":{"line":73,"column":12},"end":{"line":105,"column":15}},"68":{"start":{"line":74,"column":16},"end":{"line":104,"column":17}},"69":{"start":{"line":75,"column":20},"end":{"line":77,"column":73}},"70":{"start":{"line":76,"column":24},"end":{"line":76,"column":164}},"71":{"start":{"line":76,"column":83},"end":{"line":76,"column":110}},"72":{"start":{"line":76,"column":139},"end":{"line":76,"column":160}},"73":{"start":{"line":77,"column":48},"end":{"line":77,"column":69}},"74":{"start":{"line":80,"column":39},"end":{"line":80,"column":41}},"75":{"start":{"line":81,"column":20},"end":{"line":103,"column":73}},"76":{"start":{"line":82,"column":24},"end":{"line":102,"column":27}},"77":{"start":{"line":83,"column":28},"end":{"line":86,"column":29}},"78":{"start":{"line":84,"column":32},"end":{"line":84,"column":46}},"79":{"start":{"line":85,"column":32},"end":{"line":85,"column":39}},"80":{"start":{"line":87,"column":28},"end":{"line":96,"column":31}},"81":{"start":{"line":87,"column":59},"end":{"line":87,"column":88}},"82":{"start":{"line":88,"column":43},"end":{"line":88,"column":70}},"83":{"start":{"line":89,"column":51},"end":{"line":89,"column":106}},"84":{"start":{"line":89,"column":78},"end":{"line":89,"column":103}},"85":{"start":{"line":90,"column":44},"end":{"line":90,"column":84}},"86":{"start":{"line":91,"column":32},"end":{"line":95,"column":35}},"87":{"start":{"line":97,"column":28},"end":{"line":100,"column":29}},"88":{"start":{"line":97,"column":59},"end":{"line":97,"column":131}},"89":{"start":{"line":97,"column":100},"end":{"line":97,"column":127}},"90":{"start":{"line":98,"column":32},"end":{"line":98,"column":183}},"91":{"start":{"line":99,"column":32},"end":{"line":99,"column":39}},"92":{"start":{"line":101,"column":28},"end":{"line":101,"column":50}},"93":{"start":{"line":103,"column":48},"end":{"line":103,"column":69}},"94":{"start":{"line":108,"column":4},"end":{"line":118,"column":6}},"95":{"start":{"line":109,"column":8},"end":{"line":117,"column":11}},"96":{"start":{"line":110,"column":12},"end":{"line":116,"column":15}},"97":{"start":{"line":111,"column":16},"end":{"line":114,"column":17}},"98":{"start":{"line":112,"column":20},"end":{"line":112,"column":34}},"99":{"start":{"line":113,"column":20},"end":{"line":113,"column":27}},"100":{"start":{"line":115,"column":16},"end":{"line":115,"column":26}},"101":{"start":{"line":119,"column":4},"end":{"line":146,"column":6}},"102":{"start":{"line":120,"column":8},"end":{"line":145,"column":11}},"103":{"start":{"line":121,"column":12},"end":{"line":121,"column":58}},"104":{"start":{"line":122,"column":12},"end":{"line":144,"column":15}},"105":{"start":{"line":123,"column":16},"end":{"line":126,"column":17}},"106":{"start":{"line":124,"column":20},"end":{"line":124,"column":34}},"107":{"start":{"line":125,"column":20},"end":{"line":125,"column":27}},"108":{"start":{"line":127,"column":16},"end":{"line":143,"column":19}},"109":{"start":{"line":127,"column":61},"end":{"line":127,"column":90}},"110":{"start":{"line":127,"column":116},"end":{"line":136,"column":22}},"111":{"start":{"line":127,"column":137},"end":{"line":136,"column":19}},"112":{"start":{"line":128,"column":20},"end":{"line":135,"column":23}},"113":{"start":{"line":129,"column":24},"end":{"line":132,"column":25}},"114":{"start":{"line":130,"column":28},"end":{"line":130,"column":42}},"115":{"start":{"line":131,"column":28},"end":{"line":131,"column":35}},"116":{"start":{"line":133,"column":24},"end":{"line":133,"column":66}},"117":{"start":{"line":134,"column":24},"end":{"line":134,"column":34}},"118":{"start":{"line":137,"column":20},"end":{"line":140,"column":21}},"119":{"start":{"line":138,"column":24},"end":{"line":138,"column":85}},"120":{"start":{"line":138,"column":65},"end":{"line":138,"column":80}},"121":{"start":{"line":139,"column":24},"end":{"line":139,"column":31}},"122":{"start":{"line":141,"column":20},"end":{"line":141,"column":57}},"123":{"start":{"line":142,"column":20},"end":{"line":142,"column":30}},"124":{"start":{"line":147,"column":4},"end":{"line":147,"column":25}},"125":{"start":{"line":149,"column":0},"end":{"line":149,"column":38}},"126":{"start":{"line":150,"column":15},"end":{"line":150,"column":495}}},"fnMap":{"0":{"name":"(anonymous_0)","decl":{"start":{"line":18,"column":21},"end":{"line":18,"column":22}},"loc":{"start":{"line":18,"column":33},"end":{"line":148,"column":1}},"line":18},"1":{"name":"MigrateModule","decl":{"start":{"line":19,"column":13},"end":{"line":19,"column":26}},"loc":{"start":{"line":19,"column":29},"end":{"line":20,"column":5}},"line":19},"2":{"name":"(anonymous_2)","decl":{"start":{"line":21,"column":28},"end":{"line":21,"column":29}},"loc":{"start":{"line":21,"column":57},"end":{"line":67,"column":5}},"line":21},"3":{"name":"(anonymous_3)","decl":{"start":{"line":25,"column":27},"end":{"line":25,"column":28}},"loc":{"start":{"line":25,"column":54},"end":{"line":66,"column":9}},"line":25},"4":{"name":"(anonymous_4)","decl":{"start":{"line":27,"column":37},"end":{"line":27,"column":38}},"loc":{"start":{"line":27,"column":49},"end":{"line":27,"column":181}},"line":27},"5":{"name":"(anonymous_5)","decl":{"start":{"line":27,"column":94},"end":{"line":27,"column":95}},"loc":{"start":{"line":27,"column":106},"end":{"line":27,"column":127}},"line":27},"6":{"name":"(anonymous_6)","decl":{"start":{"line":27,"column":135},"end":{"line":27,"column":136}},"loc":{"start":{"line":27,"column":152},"end":{"line":27,"column":177}},"line":27},"7":{"name":"(anonymous_7)","decl":{"start":{"line":28,"column":27},"end":{"line":28,"column":28}},"loc":{"start":{"line":28,"column":44},"end":{"line":28,"column":69}},"line":28},"8":{"name":"(anonymous_8)","decl":{"start":{"line":31,"column":39},"end":{"line":31,"column":40}},"loc":{"start":{"line":31,"column":61},"end":{"line":65,"column":13}},"line":31},"9":{"name":"(anonymous_9)","decl":{"start":{"line":32,"column":59},"end":{"line":32,"column":60}},"loc":{"start":{"line":32,"column":80},"end":{"line":32,"column":115}},"line":32},"10":{"name":"(anonymous_10)","decl":{"start":{"line":34,"column":60},"end":{"line":34,"column":61}},"loc":{"start":{"line":34,"column":81},"end":{"line":34,"column":161}},"line":34},"11":{"name":"(anonymous_11)","decl":{"start":{"line":38,"column":54},"end":{"line":38,"column":55}},"loc":{"start":{"line":38,"column":75},"end":{"line":57,"column":24}},"line":38},"12":{"name":"(anonymous_12)","decl":{"start":{"line":38,"column":84},"end":{"line":38,"column":85}},"loc":{"start":{"line":38,"column":96},"end":{"line":57,"column":21}},"line":38},"13":{"name":"(anonymous_13)","decl":{"start":{"line":38,"column":117},"end":{"line":38,"column":118}},"loc":{"start":{"line":38,"column":144},"end":{"line":57,"column":17}},"line":38},"14":{"name":"(anonymous_14)","decl":{"start":{"line":39,"column":43},"end":{"line":39,"column":44}},"loc":{"start":{"line":39,"column":55},"end":{"line":39,"column":90}},"line":39},"15":{"name":"(anonymous_15)","decl":{"start":{"line":39,"column":97},"end":{"line":39,"column":98}},"loc":{"start":{"line":39,"column":115},"end":{"line":56,"column":21}},"line":39},"16":{"name":"(anonymous_16)","decl":{"start":{"line":40,"column":64},"end":{"line":40,"column":65}},"loc":{"start":{"line":40,"column":76},"end":{"line":55,"column":25}},"line":40},"17":{"name":"(anonymous_17)","decl":{"start":{"line":42,"column":122},"end":{"line":42,"column":123}},"loc":{"start":{"line":42,"column":137},"end":{"line":47,"column":33}},"line":42},"18":{"name":"(anonymous_18)","decl":{"start":{"line":43,"column":93},"end":{"line":43,"column":94}},"loc":{"start":{"line":43,"column":105},"end":{"line":46,"column":37}},"line":43},"19":{"name":"(anonymous_19)","decl":{"start":{"line":46,"column":45},"end":{"line":46,"column":46}},"loc":{"start":{"line":46,"column":62},"end":{"line":46,"column":87}},"line":46},"20":{"name":"(anonymous_20)","decl":{"start":{"line":47,"column":41},"end":{"line":47,"column":42}},"loc":{"start":{"line":47,"column":58},"end":{"line":47,"column":83}},"line":47},"21":{"name":"(anonymous_21)","decl":{"start":{"line":50,"column":133},"end":{"line":50,"column":134}},"loc":{"start":{"line":50,"column":145},"end":{"line":53,"column":33}},"line":50},"22":{"name":"(anonymous_22)","decl":{"start":{"line":53,"column":41},"end":{"line":53,"column":42}},"loc":{"start":{"line":53,"column":58},"end":{"line":53,"column":83}},"line":53},"23":{"name":"(anonymous_23)","decl":{"start":{"line":55,"column":33},"end":{"line":55,"column":34}},"loc":{"start":{"line":55,"column":50},"end":{"line":55,"column":75}},"line":55},"24":{"name":"(anonymous_24)","decl":{"start":{"line":56,"column":29},"end":{"line":56,"column":30}},"loc":{"start":{"line":56,"column":46},"end":{"line":56,"column":71}},"line":56},"25":{"name":"(anonymous_25)","decl":{"start":{"line":57,"column":57},"end":{"line":57,"column":58}},"loc":{"start":{"line":57,"column":75},"end":{"line":64,"column":17}},"line":57},"26":{"name":"(anonymous_26)","decl":{"start":{"line":68,"column":29},"end":{"line":68,"column":30}},"loc":{"start":{"line":68,"column":41},"end":{"line":70,"column":5}},"line":68},"27":{"name":"(anonymous_27)","decl":{"start":{"line":71,"column":34},"end":{"line":71,"column":35}},"loc":{"start":{"line":71,"column":46},"end":{"line":107,"column":5}},"line":71},"28":{"name":"(anonymous_28)","decl":{"start":{"line":72,"column":27},"end":{"line":72,"column":28}},"loc":{"start":{"line":72,"column":54},"end":{"line":106,"column":9}},"line":72},"29":{"name":"(anonymous_29)","decl":{"start":{"line":73,"column":50},"end":{"line":73,"column":51}},"loc":{"start":{"line":73,"column":68},"end":{"line":105,"column":13}},"line":73},"30":{"name":"(anonymous_30)","decl":{"start":{"line":75,"column":297},"end":{"line":75,"column":298}},"loc":{"start":{"line":75,"column":309},"end":{"line":77,"column":21}},"line":75},"31":{"name":"(anonymous_31)","decl":{"start":{"line":76,"column":59},"end":{"line":76,"column":60}},"loc":{"start":{"line":76,"column":81},"end":{"line":76,"column":112}},"line":76},"32":{"name":"(anonymous_32)","decl":{"start":{"line":76,"column":120},"end":{"line":76,"column":121}},"loc":{"start":{"line":76,"column":137},"end":{"line":76,"column":162}},"line":76},"33":{"name":"(anonymous_33)","decl":{"start":{"line":77,"column":29},"end":{"line":77,"column":30}},"loc":{"start":{"line":77,"column":46},"end":{"line":77,"column":71}},"line":77},"34":{"name":"(
[...]
,"type":"if","locations":[{"start":{"line":3,"column":21},"end":{"line":3,"column":71}},{"start":{"line":3,"column":21},"end":{"line":3,"column":71}}],"line":3}},"s":{"0":0,"1":0,"2":0,"3":0,"4":0,"5":0,"6":0},"f":{"0":0},"b":{"0":[0,0]}},"c:\\Users\\dahhs\\Documents\\dwik\\repos\\artoo\\lib\\test\\test.js":{"path":"c:\\Users\\dahhs\\Documents\\dwik\\repos\\artoo\\lib\\test\\test.js","statementMap":{},"fnMap":{},"branchMap":{},"s":{},"f":{},"b":{}},"c:\\Users\\dahhs\\Documents\\dwik\\repos\\artoo\\lib\\vue\\crud_interface.js":{"path":"c:\\Users\\dahhs\\Documents\\dwik\\repos\\artoo\\lib\\vue\\crud_interface.js","statementMap":{"0":{"start":{"line":2,"column":0},"end":{"line":2,"column":62}},"1":{"start":{"line":3,"column":14},"end":{"line":3,"column":30}},"2":{"start":{"line":4,"column":21},"end":{"line":46,"column":3}},"3":{"start":{"line":6,"column":8},"end":{"line":6,"column":25}},"4":{"start":{"line":8,"column":4},"end":{"line":18,"column":6}},"5":{"start":{"line":9,"column":20},"end":{"line":9,"column":24}},"6":{"start":{"line":10,"column":8},"end":{"line":17,"column":10}},"7":{"start":{"line":11,"column":12},"end":{"line":11,"column":51}},"8":{"start":{"line":11,"column":37},"end":{"line":11,"column":49}},"9":{"start":{"line":12,"column":12},"end":{"line":16,"column":16}},"10":{"start":{"line":13,"column":16},"end":{"line":15,"column":69}},"11":{"start":{"line":14,"column":20},"end":{"line":14,"column":43}},"12":{"start":{"line":15,"column":44},"end":{"line":15,"column":65}},"13":{"start":{"line":19,"column":4},"end":{"line":24,"column":6}},"14":{"start":{"line":20,"column":20},"end":{"line":20,"column":24}},"15":{"start":{"line":21,"column":8},"end":{"line":23,"column":15}},"16":{"start":{"line":21,"column":37},"end":{"line":23,"column":12}},"17":{"start":{"line":22,"column":12},"end":{"line":22,"column":141}},"18":{"start":{"line":22,"column":70},"end":{"line":22,"column":87}},"19":{"start":{"line":22,"column":116},"end":{"line":22,"column":137}},"20":{"start":{"line":25,"column":4},"end":{"line":32,"column":6}},"21":{"start":{"line":26,"column":20},"end":{"line":26,"column":24}},"22":{"start":{"line":27,"column":8},"end":{"line":31,"column":15}},"23":{"start":{"line":27,"column":35},"end":{"line":31,"column":12}},"24":{"start":{"line":28,"column":12},"end":{"line":30,"column":65}},"25":{"start":{"line":29,"column":16},"end":{"line":29,"column":39}},"26":{"start":{"line":30,"column":40},"end":{"line":30,"column":61}},"27":{"start":{"line":33,"column":4},"end":{"line":38,"column":6}},"28":{"start":{"line":34,"column":20},"end":{"line":34,"column":24}},"29":{"start":{"line":35,"column":8},"end":{"line":37,"column":15}},"30":{"start":{"line":35,"column":37},"end":{"line":37,"column":12}},"31":{"start":{"line":36,"column":12},"end":{"line":36,"column":156}},"32":{"start":{"line":36,"column":85},"end":{"line":36,"column":102}},"33":{"start":{"line":36,"column":131},"end":{"line":36,"column":152}},"34":{"start":{"line":39,"column":4},"end":{"line":44,"column":6}},"35":{"start":{"line":40,"column":20},"end":{"line":40,"column":24}},"36":{"start":{"line":41,"column":8},"end":{"line":43,"column":15}},"37":{"start":{"line":41,"column":35},"end":{"line":43,"column":12}},"38":{"start":{"line":42,"column":12},"end":{"line":42,"column":159}},"39":{"start":{"line":42,"column":88},"end":{"line":42,"column":105}},"40":{"start":{"line":42,"column":134},"end":{"line":42,"column":155}},"41":{"start":{"line":45,"column":4},"end":{"line":45,"column":25}},"42":{"start":{"line":47,"column":0},"end":{"line":47,"column":32}}},"fnMap":{"0":{"name":"(anonymous_0)","decl":{"start":{"line":4,"column":21},"end":{"line":4,"column":22}},"loc":{"start":{"line":4,"column":33},"end":{"line":46,"column":1}},"line":4},"1":{"name":"CrudInterface","decl":{"start":{"line":5,"column":13},"end":{"line":5,"column":26}},"loc":{"start":{"line":5,"column":33},"end":{"line":7,"column":5}},"line":5},"2":{"name":"(anonymous_2)","decl":{"start":{"line":8,"column":36},"end":{"line":8,"column":37}},"loc":{"start":{"line":8,"column":48},"end":{"line":18,"column":5}},"line":8},"3":{"name":"(anonymous_3)","decl":{"start":{"line":10,"column":15},"end":{"line":10,"column":16}},"loc":{"start":{"line":10,"column":37},"end":{"line":17,"column":9}},"line":10},"4":{"name":"(anonymous_4)","decl":{"start":{"line":12,"column":32},"end":{"line":12,"column":33}},"loc":{"start":{"line":12,"column":59},"end":{"line":16,"column":13}},"line":12},"5":{"name":"(anonymous_5)","decl":{"start":{"line":13,"column":96},"end":{"line":13,"column":97}},"loc":{"start":{"line":13,"column":116},"end":{"line":15,"column":17}},"line":13},"6":{"name":"(anonymous_6)","decl":{"start":{"line":15,"column":25},"end":{"line":15,"column":26}},"loc":{"start":{"line":15,"column":42},"end":{"line":15,"column":67}},"line":15},"7":{"name":"(anonymous_7)","decl":{"start":{"line":19,"column":36},"end":{"line":19,"column":37}},"loc":{"start":{"line":19,"column":48},"end":{"line":24,"column":5}},"line":19},"8":{"name":"(anonymous_8)","decl":{"start":{"line":21,"column":15},"end":{"line":21,"column":16}},"loc":{"start":{"line":21,"column":35},"end":{"line":23,"column":14}},"line":21},"9":{"name":"(anonymous_9)","decl":{"start":{"line":21,"column":57},"end":{"line":21,"column":58}},"loc":{"start":{"line":21,"column":84},"end":{"line":23,"column":9}},"line":21},"10":{"name":"(anonymous_10)","decl":{"start":{"line":22,"column":56},"end":{"line":22,"column":57}},"loc":{"start":{"line":22,"column":68},"end":{"line":22,"column":89}},"line":22},"11":{"name":"(anonymous_11)","decl":{"start":{"line":22,"column":97},"end":{"line":22,"column":98}},"loc":{"start":{"line":22,"column":114},"end":{"line":22,"column":139}},"line":22},"12":{"name":"(anonymous_12)","decl":{"start":{"line":25,"column":35},"end":{"line":25,"column":36}},"loc":{"start":{"line":25,"column":47},"end":{"line":32,"column":5}},"line":25},"13":{"name":"(anonymous_13)","decl":{"start":{"line":27,"column":15},"end":{"line":27,"column":16}},"loc":{"start":{"line":27,"column":33},"end":{"line":31,"column":14}},"line":27},"14":{"name":"(anonymous_14)","decl":{"start":{"line":27,"column":55},"end":{"line":27,"column":56}},"loc":{"start":{"line":27,"column":82},"end":{"line":31,"column":9}},"line":27},"15":{"name":"(anonymous_15)","decl":{"start":{"line":28,"column":71},"end":{"line":28,"column":72}},"loc":{"start":{"line":28,"column":91},"end":{"line":30,"column":13}},"line":28},"16":{"name":"(anonymous_16)","decl":{"start":{"line":30,"column":21},"end":{"line":30,"column":22}},"loc":{"start":{"line":30,"column":38},"end":{"line":30,"column":63}},"line":30},"17":{"name":"(anonymous_17)","decl":{"start":{"line":33,"column":37},"end":{"line":33,"column":38}},"loc":{"start":{"line":33,"column":49},"end":{"line":38,"column":5}},"line":33},"18":{"name":"(anonymous_18)","decl":{"start":{"line":35,"column":15},"end":{"line":35,"column":16}},"loc":{"start":{"line":35,"column":35},"end":{"line":37,"column":14}},"line":35},"19":{"name":"(anonymous_19)","decl":{"start":{"line":35,"column":57},"end":{"line":35,"column":58}},"loc":{"start":{"line":35,"column":84},"end":{"line":37,"column":9}},"line":35},"20":{"name":"(anonymous_20)","decl":{"start":{"line":36,"column":71},"end":{"line":36,"column":72}},"loc":{"start":{"line":36,"column":83},"end":{"line":36,"column":104}},"line":36},"21":{"name":"(anonymous_21)","decl":{"start":{"line":36,"column":112},"end":{"line":36,"column":113}},"loc":{"start":{"line":36,"column":129},"end":{"line":36,"column":154}},"line":36},"22":{"name":"(anonymous_22)","decl":{"start":{"line":39,"column":38},"end":{"line":39,"column":39}},"loc":{"start":{"line":39,"column":50},"end":{"line":44,"column":5}},"line":39},"23":{"name":"(anonymous_23)","decl":{"start":{"line":41,"column":15},"end":{"line":41,"column":16}},"loc":{"start":{"line":41,"column":33},"end":{"line":43,"column":14}},"line":41},"24":{"name":"(anonymous_24)","decl":{"start":{"line":41,"column":55},"end":{"line":41,"column":56}},"loc":{"start":{"line":41,"column":82},"end":{"line":43,"column":9}},"line":41},"25":{"name":"(anonymous_25)","decl":{"start":{"line":42,"column":74},"end":{"line":42,"column":75}},"loc":{"start":{"line":42,"column":86},"end":{"line":42,"column":107}},"line":42},"26":{"name":"(anonymous_26)","decl":{"start":{"line":42,"column":115},"end":{"line":42,"column":116}},"loc":{"start":{"line":42,"column":132},"end":{"line":42,"column":157}},"line":42}},"branchMap":{"0":{"loc":{"start":{"line":11,"column":12},"end":{"line":11,"column":51}},"type":"if","locations":[{"start":{"line":11,"column":12},"end":{"line":11,"column":51}},{"start":{"line":11,"column":12},"end":{"line":11,"column":51}}],"line":11}},"s":{"0":0,"1":0,"2":0,"3":0,"4":0,"5":0,"6":0,"7":0,"8":0,"9":0,"10":0,"11":0,"12":0,"13":0,"14":0,"15":0,"16":0,"17":0,"18":0,"19":0,"20":0,"21":0,"22":0,"23":0,"24":0,"25":0,"26":0,"27":0,"28":0,"29":0,"30":0,"31":0,"32":0,"33":0,"34":0,"35":0,"36":0,"37":0,"38":0,"39":0,"40":0,"41":0,"42":0},"f":{"0":0,"1":0,"2":0,"3":0,"4":0,"5":0,"6":0,"7":0,"8":0,"9":0,"10":0,"11":0,"12":0,"13":0,"14":0,"15":0,"16":0,"17":0,"18":0,"19":0,"20":0,"21":0,"22":0,"23":0,"24":0,"25":0,"26":0},"b":{"0":[0,0]}},"c:\\Users\\dahhs\\Documents\\dwik\\repos\\artoo\\lib\\vue\\directives.js":{"path":"c:\\Users\\dahhs\\Documents\\dwik\\repos\\artoo\\lib\\vue\\directives.js","statementMap":{"0":{"start":{"line":2,"column":12},"end":{"line":2,"column":16}},"1":{"start":{"line":3,"column":0},"end":{"line":3,"column":62}},"2":{"start":{"line":4,"column":8},"end":{"line":4,"column":25}},"3":{"start":{"line":5,"column":12},"end":{"line":5,"column":26}},"4":{"start":{"line":6,"column":0},"end":{"line":10,"column":3}},"5":{"start":{"line":7,"column":4},"end":{"line":9,"column":5}},"6":{"start":{"line":8,"column":8},"end":{"line":8,"column":19}},"7":{"start":{"line":11,"column":0},"end":{"line":13,"column":3}},"8":{"start":{"line":12,"column":4},"end":{"line":12,"column":33}},"9":{"start":{"line":14,"column":0},"end":{"line":21,"column":3}},"10":{"start":{"line":15,"column":4},"end":{"line":17,"column":5}},"11":{"start":{"line":16,"column":8},"end":{"line":16,"column":15}},"12":{"start":{"line":18,"column":4},"end":{"line":20,"column":7}},"13":{"start":{"line":19,"column":8},"end":{"line":19,"column":111}},"14":{"start":{"line":22,"column":0},"end":{"line":41,"column":3}},"15":{"start":{"line":24,"column":8},"end":{"line":24,"column":38}},"16":{"start":{"line":25,"column":24},"end":{"line":25,"column":109}},"17":{"start":{"line":26,"column":23},"end":{"line":35,"column":9}},"18":{"start":{"line":27,"column":12},"end":{"line":34,"column":13}},"19":{"start":{"line":28,"column":16},"end":{"line":28,"column":53}},"20":{"start":{"line":29,"column":16},"end":{"line":29,"column":48}},"21":{"start":{"line":32,"column":16},"end":{"line":32,"column":51}},"22":{"start":{"line":33,"column":16},"end":{"line":33,"column":50}},"23":{"start":{"line":36,"column":8},"end":{"line":36,"column":19}},"24":{"start":{"line":37,"column":8},"end":{"line":39,"column":11}},"25":{"start":{"line":38,"column":12},"end":{"line":38,"column":23}}},"fnMap":{"0":{"name":"(anonymous_0)","decl":{"start":{"line":6,"column":39},"end":{"line":6,"column":40}},"loc":{"start":{"line":6,"column":60},"end":{"line":10,"column":1}},"line":6},"1":{"name":"(anonymous_1)","decl":{"start":{"line":11,"column":35},"end":{"line":11,"column":36}},"loc":{"start":{"line":11,"column":58},"end":{"line":13,"column":1}},"line":11},"2":{"name":"(anonymous_2)","decl":{"start":{"line":14,"column":36},"end":{"line":14,"column":37}},"loc":{"start":{"line":14,"column":59},"end":{"line":21,"column":1}},"line":14},"3":{"name":"(anonymous_3)","decl":{"start":{"line":18,"column":41},"end":{"line":18,"column":42}},"loc":{"start":{"line":18,"column":53},"end":{"line":20,"column":5}},"line":18},"4":{"name":"(anonymous_4)","decl":{"start":{"line":23,"column":10},"end":{"line":23,"column":11}},"loc":{"start":{"line":23,"column":33},"end":{"line":40,"column":5}},"line":23},"5":{"name":"(anonymous_5)","decl":{"start":{"line":26,"column":23},"end":{"line":26,"column":24}},"loc":{"start":{"line":26,"column":35},"end":{"line":35,"column":9}},"line":26},"6":{"name":"(anonymous_6)","decl":{"start":{"line":37,"column":42},"end":{"line":37,"column":43}},"loc":{"start":{"line":37,"column":54},"end":{"line":39,"column":9}},"line":37}},"branchMap":{"0":{"loc":{"start":{"line":7,"column":4},"end":{"line":9,"column":5}},"type":"if","locations":[{"start":{"line":7,"column":4},"end":{"line":9,"column":5}},{"start":{"line":7,"column":4},"end":{"line":9,"column":5}}],"line":7},"1":{"loc":{"start":{"line":15,"column":4},"end":{"line":17,"column":5}},"type":"if","locations":[{"start":{"line":15,"column":4},"end":{"line":17,"column":5}},{"start":{"line":15,"column":4},"end":{"line":17,"column":5}}],"line":15},"2":{"loc":{"start":{"line":25,"column":24},"end":{"line":25,"column":109}},"type":"cond-expr","locations":[{"start":{"line":25,"column":81},"end":{"line":25,"column":104}},{"start":{"line":25,"column":107},"end":{"line":25,"column":109}}],"line":25},"3":{"loc":{"start":{"line":25,"column":24},"end":{"line":25,"column":78}},"type":"binary-expr","locations":[{"start":{"line":25,"column":24},"end":{"line":25,"column":37}},{"start":{"line":25,"column":41},"end":{"line":25,"column":78}}],"line":25},"4":{"loc":{"start":{"line":27,"column":12},"end":{"line":34,"column":13}},"type":"if","locations":[{"start":{"line":27,"column":12},"end":{"line":34,"column":13}},{"start":{"line":27,"column":12},"end":{"line":34,"column":13}}],"line":27}},"s":{"0":0,"1":0,"2":0,"3":0,"4":0,"5":0,"6":0,"7":0,"8":0,"9":0,"10":0,"11":0,"12":0,"13":0,"14":0,"15":0,"16":0,"17":0,"18":0,"19":0,"20":0,"21":0,"22":0,"23":0,"24":0,"25":0},"f":{"0":0,"1":0,"2":0,"3":0,"4":0,"5":0,"6":0},"b":{"0":[0,0],"1":[0,0],"2":[0,0],"3":[0,0],"4":[0,0]}},"c:\\Users\\dahhs\\Documents\\dwik\\repos\\artoo\\lib\\vue\\middlewares.js":{"path":"c:\\Users\\dahhs\\Documents\\dwik\\repos\\artoo\\lib\\vue\\middlewares.js","statementMap":{"0":{"start":{"line":2,"column":0},"end":{"line":2,"column":62}},"1":{"start":{"line":3,"column":14},"end":{"line":3,"column":30}},"2":{"start":{"line":4,"column":0},"end":{"line":14,"column":5}},"3":{"start":{"line":4,"column":37},"end":{"line":14,"column":2}},"4":{"start":{"line":5,"column":4},"end":{"line":12,"column":5}},"5":{"start":{"line":6,"column":8},"end":{"line":6,"column":99}},"6":{"start":{"line":7,"column":8},"end":{"line":7,"column":56}},"7":{"start":{"line":9,"column":9},"end":{"line":12,"column":5}},"8":{"start":{"line":10,"column":8},"end":{"line":10,"column":69}},"9":{"start":{"line":11,"column":8},"end":{"line":11,"column":57}},"10":{"start":{"line":13,"column":4},"end":{"line":13,"column":11}}},"fnMap":{"0":{"name":"(anonymous_0)","decl":{"start":{"line":4,"column":18},"end":{"line":4,"column":19}},"loc":{"start":{"line":4,"column":35},"end":{"line":14,"column":4}},"line":4},"1":{"name":"(anonymous_1)","decl":{"start":{"line":4,"column":44},"end":{"line":4,"column":45}},"loc":{"start":{"line":4,"column":70},"end":{"line":14,"column":1}},"line":4}},"branchMap":{"0":{"loc":{"start":{"line":5,"column":4},"end":{"line":12,"column":5}},"type":"if","locations":[{"start":{"line":5,"column":4},"end":{"line":12,"column":5}},{"start":{"line":5,"column":4},"end":{"line":12,"column":5}}],"line":5},"1":{"loc":{"start":{"line":5,"column":8},"end":{"line":5,"column":86}},"type":"binary-expr","locations":[{"start":{"line":5,"column":8},"end":{"line":5,"column":28}},{"start":{"line":5,"column":32},"end":{"line":5,"column":86}}],"line":5},"2":{"loc":{"start":{"line":9,"column":9},"end":{"line":12,"column":5}},"type":"if","locations":[{"start":{"line":9,"column":9},"end":{"line":12,"column":5}},{"start":{"line":9,"column":9},"end":{"line":12,"column":5}}],"line":9},"3":{"loc":{"start":{"line":9,"column":13},"end":{"line":9,"column":105}},"type":"binary-expr","locations":[{"start":{"line":9,"column":13},"end":{"line":9,"column":34}},{"start":{"line":9,"column":38},"end":{"line":9,"column":105}}],"line":9}},"s":{"0":0,"1":0,"2":0,"3":0,"4":0,"5":0,"6":0,"7":0,"8":0,"9":0,"10":0},"f":{"0":0,"1":0},"b":{"0":[0,0],"1":[0,0],"2":[0,0],"3":[0,0]}},"c:\\Users\\dahhs\\Documents\\dwik\\repos\\artoo\\lib\\vue\\router.js":{"path":"c:\\Users\\dahhs\\Documents\\dwik\\repos\\artoo\\lib\\vue\\router.js","statementMap":{"0":{"start":{"line":2,"column":0},"end":{"line":2,"column":62}},"1":{"start":{"line":3,"column":14},"end":{"line":26,"column":1}},"2":{"start":{"line":4,"column":16},"end":{"line":4,"column":25}},"3":{"start":{"line":5,"column":4},"end":{"line":25,"column":5}},"4":{"start":{"line":6,"column":8},"end":{"line":6,"column":34}},"5":{"start":{"line":9,"column":8},"end":{"line":24,"column":11}},"6":{"start":{"line":10,"column":12},"end":{"line":23,"column":13}},"7":{"start":{"line":12,"column":20},"end":{"line":12,"column":63}},"8":{"start":{"line":13,"column":20},"end":{"line":13,"column":26}},"9":{"start":{"line":15,"column":20},"end":{"line":15,"column":38}},"10":{"start":{"line":16,"column":20},"end":{"line":16,"column":26}},"11":{"start":{"line":18,"column":20},"end":{"line":18,"column":38}},"12":{"start":{"line":19,"column":20},"end":{"line":19,"column":26}},"13":{"start":{"line":21,"column":20},"end":{"line":21,"column":38}},"14":{"start":{"line":22,"column":20},"end":{"line":22,"column":26}},"15":{"start":{"line":27,"column":0},"end":{"line":29,"column":5}},"16":{"start":{"line":27,"column":48},"end":{"line":29,"column":2}},"17":{"start":{"line":28,"column":4},"end":{"line":28,"column":45}}},"fnMap":{"0":{"name":"(anonymous_0)","decl":{"start":{"line":3,"column":14},"end":{"line":3,"column":15}},"loc":{"start":{"line":3,"column":55},"end":{"line":26,"column":1}},"line":3},"1":{"name":"(anonymous_1)","decl":{"start":{"line":9,"column":24},"end":{"line":9,"column":25}},"loc":{"start":{"line":9,"column":43},"end":{"line":24,"column":9}},"line":9},"2":{"name":"(anonymous_2)","decl":{"start":{"line":27,"column":22},"end":{"line":27,"column":23}},"loc":{"start":{"line":27,"column":46},"end":{"line":29,"column":4}},"line":27},"3":{"name":"(anonymous_3)","decl":{"start":{"line":27,"column":55},"end":{"line":27,"column":56}},"loc":{"start":{"line":27,"column":81},"end":{"line":29,"column":1}},"line":27}},"branchMap":{"0":{"loc":{"start":{"line":5,"column":4},"end":{"line":25,"column":5}},"type":"if","locations":[{"start":{"line":5,"column":4},"end":{"line":25,"column":5}},{"start":{"line":5,"column":4},"end":{"line":25,"column":5}}],"line":5},"1":{"loc":{"start":{"line":10,"column":12},"end":{"line":23,"column":13}},"type":"switch","locations":[{"start":{"line":11,"column":16},"end":{"line":13,"column":26}},{"start":{"line":14,"column":16},"end":{"line":16,"column":26}},{"start":{"line":17,"column":16},"end":{"line":19,"column":26}},{"start":{"line":20,"column":16},"end":{"line":22,"column":26}}],"line":10}},"s":{"0":0,"1":0,"2":0,"3":0,"4":0,"5":0,"6":0,"7":0,"8":0,"9":0,"10":0,"11":0,"12":0,"13":0,"14":0,"15":0,"16":0,"17":0},"f":{"0":0,"1":0,"2":0,"3":0},"b":{"0":[0,0],"1":[0,0,0,0]}},"c:\\Users\\dahhs\\Documents\\dwik\\repos\\artoo\\lib\\vue\\store.js":{"path":"c:\\Users\\dahhs\\Documents\\dwik\\repos\\artoo\\lib\\vue\\store.js","statementMap":{"0":{"start":{"line":2,"column":0},"end":{"line":2,"column":62}},"1":{"start":{"line":3,"column":13},"end":{"line":7,"column":3}},"2":{"start":{"line":6,"column":4},"end":{"line":6,"column":17}},"3":{"start":{"line":8,"column":0},"end":{"line":8,"column":22}}},"fnMap":{"0":{"name":"(anonymous_0)","decl":{"start":{"line":3,"column":13},"end":{"line":3,"column":14}},"loc":{"start":{"line":3,"column":25},"end":{"line":7,"column":1}},"line":3},"1":{"name":"Store","decl":{"start":{"line":4,"column":13},"end":{"line":4,"column":18}},"loc":{"start":{"line":4,"column":21},"end":{"line":5,"column":5}},"line":4}},"branchMap":{},"s":{"0":0,"1":0,"2":0,"3":0},"f":{"0":0,"1":0},"b":{}}}